

Microchip MPLAB XC8 Assembler V2.31 build 20201012212115 
                                                                                               Thu Mar 04 22:42:01 2021

Microchip MPLAB XC8 C Compiler v2.31 (Free license) build 20201012212115 Og1 
     1                           	processor	18F27Q43
     2                           	fnconf	rparam,??,?,0
     3                           	pagewidth 120
     4                           	opt	flic
     5                           	psect	idataCOMRAM,global,class=CODE,delta=1,noexec
     6                           	psect	cinit,global,reloc=2,class=CODE,delta=1
     7                           	psect	bssCOMRAM,global,class=COMRAM,space=1,delta=1,lowdata,noexec
     8                           	psect	dataCOMRAM,global,class=COMRAM,space=1,delta=1,lowdata,noexec
     9                           	psect	cstackCOMRAM,global,class=COMRAM,space=1,delta=1,lowdata,noexec
    10                           	psect	text0,global,reloc=2,class=CODE,delta=1
    11                           	psect	text1,global,reloc=2,class=CODE,delta=1
    12                           	psect	text2,global,reloc=2,class=CODE,delta=1
    13                           	psect	text3,global,reloc=2,class=CODE,delta=1
    14                           	psect	text4,global,reloc=2,class=CODE,delta=1
    15                           	psect	text5,global,reloc=2,class=CODE,delta=1
    16                           	psect	text6,global,reloc=2,class=CODE,delta=1
    17                           	psect	text7,global,reloc=2,class=CODE,delta=1
    18                           	psect	intsave_regs,global,class=BIGRAM,space=1,delta=1,noexec
    19                           	psect	rparam,global,class=COMRAM,space=1,delta=1,noexec
    20                           	psect	idloc,global,abs,ovrld,class=IDLOC,space=5,delta=1,noexec
    21                           	psect	config,global,abs,ovrld,class=CONFIG,space=4,delta=1,noexec
    22  0000                     
    23                           ; Version 2.30
    24                           ; Generated 20/08/2020 GMT
    25                           ; 
    26                           ; Copyright © 2020, Microchip Technology Inc. and its subsidiaries ("Microchip")
    27                           ; All rights reserved.
    28                           ; 
    29                           ; This software is developed by Microchip Technology Inc. and its subsidiaries ("Microch
      +                          ip").
    30                           ; 
    31                           ; Redistribution and use in source and binary forms, with or without modification, are
    32                           ; permitted provided that the following conditions are met:
    33                           ; 
    34                           ;     1. Redistributions of source code must retain the above copyright notice, this lis
      +                          t of
    35                           ;        conditions and the following disclaimer.
    36                           ; 
    37                           ;     2. Redistributions in binary form must reproduce the above copyright notice, this 
      +                          list
    38                           ;        of conditions and the following disclaimer in the documentation and/or other
    39                           ;        materials provided with the distribution. Publication is not required when
    40                           ;        this file is used in an embedded application.
    41                           ; 
    42                           ;     3. Microchip's name may not be used to endorse or promote products derived from th
      +                          is
    43                           ;        software without specific prior written permission.
    44                           ; 
    45                           ; THIS SOFTWARE IS PROVIDED BY MICROCHIP "AS IS" AND ANY EXPRESS OR IMPLIED WARRANTIES,
    46                           ; INCLUDING, BUT NOT LIMITED TO, THE IMPLIED WARRANTIES OF MERCHANTABILITY AND FITNESS F
      +                          OR
    47                           ; PURPOSE ARE DISCLAIMED.  IN NO EVENT SHALL MICROCHIP BE LIABLE FOR ANY DIRECT, INDIREC
      +                          T,
    48                           ; INCIDENTAL, SPECIAL, EXEMPLARY, OR CONSEQUENTIAL DAMAGES (INCLUDING BUT NOT LIMITED TO
    49                           ; PROCUREMENT OF SUBSTITUTE GOODS OR SERVICES; LOSS OF USE, DATA OR PROFITS; OR BUSINESS
    50                           ; INTERRUPTION) HOWSOEVER CAUSED AND ON ANY THEORY OF LIABILITY, WHETHER IN CONTRACT, ST
      +                          RICT
    51                           ; LIABILITY, OR TORT (INCLUDING NEGLIGENCE OR OTHERWISE) ARISING IN ANY WAY OUT OF THE U
      +                          SE OF
    52                           ; THIS SOFTWARE, EVEN IF ADVISED OF THE POSSIBILITY OF SUCH DAMAGE.
    53                           ; 
    54                           ; 
    55                           ; Code-generator required, PIC18F27Q43 Definitions
    56                           ; 
    57                           ; SFR Addresses
    58  0000                     
    59                           	psect	idataCOMRAM
    60  01FED6                     __pidataCOMRAM:
    61                           	callstack 0
    62                           
    63                           ;initializer for UserAppRun@F15923
    64  01FED6  01                 	db	1
    65  01FED7  02                 	db	2
    66  01FED8  04                 	db	4
    67  01FED9  08                 	db	8
    68  01FEDA  10                 	db	16
    69  01FEDB  20                 	db	32
    70  0000                     _TMR0H	set	793
    71  0000                     _TMR0L	set	792
    72  0000                     _T0CON1	set	795
    73  0000                     _T0CON0	set	794
    74  0000                     _PIR3	set	1201
    75  0000                     _LATA	set	1214
    76                           
    77                           ; #config settings
    78                           
    79                           	psect	cinit
    80  01FF34                     __pcinit:
    81                           	callstack 0
    82  01FF34                     start_initialization:
    83                           	callstack 0
    84  01FF34                     __initialization:
    85                           	callstack 0
    86                           
    87                           ; Initialize objects allocated to COMRAM (6 bytes)
    88                           ; load TBLPTR registers with __pidataCOMRAM
    89  01FF34  0ED6               	movlw	low __pidataCOMRAM
    90  01FF36  6EF6               	movwf	tblptrl,c
    91  01FF38  0EFE               	movlw	high __pidataCOMRAM
    92  01FF3A  6EF7               	movwf	tblptrh,c
    93  01FF3C  0E01               	movlw	low (__pidataCOMRAM shr (0+16))
    94  01FF3E  6EF8               	movwf	tblptru,c
    95  01FF40  EE01  F118         	lfsr	0,__pdataCOMRAM
    96  01FF44  EE10 F006          	lfsr	1,6
    97  01FF48                     copy_data0:
    98  01FF48  0009               	tblrd		*+
    99  01FF4A  C4F5 F4EE          	movff	tablat,postinc0
   100  01FF4E  50E5               	movf	postdec1,w,c
   101  01FF50  50E1               	movf	fsr1l,w,c
   102  01FF52  E1FA               	bnz	copy_data0
   103                           
   104                           ; Clear objects allocated to COMRAM (15 bytes)
   105  01FF54  EE01  F101         	lfsr	0,__pbssCOMRAM
   106  01FF58  0E0F               	movlw	15
   107  01FF5A                     clear_0:
   108  01FF5A  6AEE               	clrf	postinc0,c
   109  01FF5C  06E8               	decf	wreg,f,c
   110  01FF5E  E1FD               	bnz	clear_0
   111  01FF60                     end_of_initialization:
   112                           	callstack 0
   113  01FF60                     __end_of__initialization:
   114                           	callstack 0
   115  01FF60  0100               	movlb	0
   116  01FF62  EFB3  F0FF         	goto	_main	;jump to C main() function
   117                           
   118                           	psect	bssCOMRAM
   119  000501                     __pbssCOMRAM:
   120                           	callstack 0
   121  000501                     _G_u32SystemFlags:
   122                           	callstack 0
   123  000501                     	ds	4
   124  000505                     _G_u32SystemTime1s:
   125                           	callstack 0
   126  000505                     	ds	4
   127  000509                     _G_u32SystemTime1ms:
   128                           	callstack 0
   129  000509                     	ds	4
   130  00050D                     UserAppRun@u16Counter:
   131                           	callstack 0
   132  00050D                     	ds	2
   133  00050F                     _G_u8UserAppFlags:
   134                           	callstack 0
   135  00050F                     	ds	1
   136                           
   137                           	psect	dataCOMRAM
   138  000518                     __pdataCOMRAM:
   139                           	callstack 0
   140  000518                     UserAppRun@F15923:
   141                           	callstack 0
   142  000518                     	ds	6
   143                           
   144                           	psect	cstackCOMRAM
   145  000510                     __pcstackCOMRAM:
   146                           	callstack 0
   147  000510                     TimeXus@u16Microseconds:
   148                           	callstack 0
   149  000510                     UserAppRun@au8Pattern:
   150                           	callstack 0
   151                           
   152                           ; 6 bytes @ 0x0
   153  000510                     	ds	2
   154  000512                     TimeXus@u16timer:
   155                           	callstack 0
   156                           
   157                           ; 2 bytes @ 0x2
   158  000512                     	ds	4
   159  000516                     UserAppRun@i:
   160                           	callstack 0
   161                           
   162                           ; 2 bytes @ 0x6
   163  000516                     	ds	2
   164  000518                     
   165                           ; 1 bytes @ 0x8
   166 ;;
   167 ;;Main: autosize = 0, tempsize = 0, incstack = 0, save=0
   168 ;;
   169 ;; *************** function _main *****************
   170 ;; Defined at:
   171 ;;		line 35 in file "main.c"
   172 ;; Parameters:    Size  Location     Type
   173 ;;		None
   174 ;; Auto vars:     Size  Location     Type
   175 ;;		None
   176 ;; Return value:  Size  Location     Type
   177 ;;                  1    wreg      void 
   178 ;; Registers used:
   179 ;;		wreg, fsr1l, fsr1h, fsr2l, fsr2h, status,2, status,0, cstack
   180 ;; Tracked objects:
   181 ;;		On entry : 0/0
   182 ;;		On exit  : 0/0
   183 ;;		Unchanged: 0/0
   184 ;; Data sizes:     COMRAM   BANK5   BANK6   BANK7   BANK8   BANK9  BANK10  BANK11  BANK12  BANK13  BANK14  BANK15  BANK1
      +6  BANK17  BANK18  BANK19  BANK20  BANK21  BANK22  BANK23  BANK24  BANK25  BANK26  BANK27  BANK28  BANK29  BANK30  BANK3
      +1  BANK32  BANK33  BANK34  BANK35  BANK36  BANK37
   185 ;;      Params:         0       0       0       0       0       0       0       0       0       0       0       0       
      +0       0       0       0       0       0       0       0       0       0       0       0       0       0       0       
      +0       0       0       0       0       0       0
   186 ;;      Locals:         0       0       0       0       0       0       0       0       0       0       0       0       
      +0       0       0       0       0       0       0       0       0       0       0       0       0       0       0       
      +0       0       0       0       0       0       0
   187 ;;      Temps:          0       0       0       0       0       0       0       0       0       0       0       0       
      +0       0       0       0       0       0       0       0       0       0       0       0       0       0       0       
      +0       0       0       0       0       0       0
   188 ;;      Totals:         0       0       0       0       0       0       0       0       0       0       0       0       
      +0       0       0       0       0       0       0       0       0       0       0       0       0       0       0       
      +0       0       0       0       0       0       0
   189 ;;Total ram usage:        0 bytes
   190 ;; Hardware stack levels required when called:    1
   191 ;; This function calls:
   192 ;;		_ClockSetup
   193 ;;		_GpioSetup
   194 ;;		_SysTickSetup
   195 ;;		_SystemSleep
   196 ;;		_TimeXus
   197 ;;		_UserAppInitialize
   198 ;;		_UserAppRun
   199 ;; This function is called by:
   200 ;;		Startup code after reset
   201 ;; This function uses a non-reentrant model
   202 ;;
   203                           
   204                           	psect	text0
   205  01FF66                     __ptext0:
   206                           	callstack 0
   207  01FF66                     _main:
   208                           	callstack 127
   209  01FF66                     
   210                           ;main.c: 37:   G_u32SystemFlags |= (u32)0x80000000;
   211  01FF66  8E04               	bsf	(_G_u32SystemFlags+3)^(0+1280),7,c	;volatile
   212  01FF68                     
   213                           ;main.c: 40:   ClockSetup();
   214  01FF68  EC68  F0FF         	call	_ClockSetup	;wreg free
   215  01FF6C                     
   216                           ;main.c: 41:   SysTickSetup();
   217  01FF6C  EC76  F0FF         	call	_SysTickSetup	;wreg free
   218  01FF70                     
   219                           ;main.c: 42:   GpioSetup();
   220  01FF70  EC69  F0FF         	call	_GpioSetup	;wreg free
   221  01FF74                     
   222                           ;main.c: 47:   UserAppInitialize();
   223  01FF74  EC6E  F0FF         	call	_UserAppInitialize	;wreg free
   224  01FF78                     l835:
   225                           
   226                           ;main.c: 53:   {;main.c: 57:     UserAppRun();
   227  01FF78  ECD3  F0FF         	call	_UserAppRun	;wreg free
   228  01FF7C                     
   229                           ;main.c: 61:     (LATA &= 0x7F);
   230  01FF7C  9EBE               	bcf	190,7,c	;volatile
   231  01FF7E                     
   232                           ;main.c: 62:     SystemSleep();
   233  01FF7E  EC6A  F0FF         	call	_SystemSleep	;wreg free
   234  01FF82                     
   235                           ;main.c: 64:     TimeXus(0x03E8);
   236  01FF82  0E03               	movlw	3
   237  01FF84  6E11               	movwf	(TimeXus@u16Microseconds+1)^(0+1280),c
   238  01FF86  0EE8               	movlw	232
   239  01FF88  6E10               	movwf	TimeXus@u16Microseconds^(0+1280),c
   240  01FF8A  EC87  F0FF         	call	_TimeXus	;wreg free
   241  01FF8E                     l46:
   242                           
   243                           ;main.c: 65:     while((PIR3 & 0x80) != 0x80)
   244  01FF8E  AEB1               	btfss	177,7,c	;volatile
   245  01FF90  EFCC  F0FF         	goto	u51
   246  01FF94  EFCE  F0FF         	goto	u50
   247  01FF98                     u51:
   248  01FF98  EFC7  F0FF         	goto	l46
   249  01FF9C                     u50:
   250  01FF9C                     
   251                           ;main.c: 69:     (LATA |= 0x80);
   252  01FF9C  8EBE               	bsf	190,7,c	;volatile
   253  01FF9E  EFBC  F0FF         	goto	l835
   254  01FFA2  EFFE  F0FF         	goto	start
   255  01FFA6                     __end_of_main:
   256                           	callstack 0
   257                           
   258 ;; *************** function _UserAppRun *****************
   259 ;; Defined at:
   260 ;;		line 103 in file "user_app.c"
   261 ;; Parameters:    Size  Location     Type
   262 ;;		None
   263 ;; Auto vars:     Size  Location     Type
   264 ;;  au8Pattern      6    0[COMRAM] unsigned char [6]
   265 ;;  i               2    6[COMRAM] int 
   266 ;; Return value:  Size  Location     Type
   267 ;;                  1    wreg      void 
   268 ;; Registers used:
   269 ;;		wreg, fsr1l, fsr1h, fsr2l, fsr2h, status,2, status,0
   270 ;; Tracked objects:
   271 ;;		On entry : 0/0
   272 ;;		On exit  : 0/0
   273 ;;		Unchanged: 0/0
   274 ;; Data sizes:     COMRAM   BANK5   BANK6   BANK7   BANK8   BANK9  BANK10  BANK11  BANK12  BANK13  BANK14  BANK15  BANK1
      +6  BANK17  BANK18  BANK19  BANK20  BANK21  BANK22  BANK23  BANK24  BANK25  BANK26  BANK27  BANK28  BANK29  BANK30  BANK3
      +1  BANK32  BANK33  BANK34  BANK35  BANK36  BANK37
   275 ;;      Params:         0       0       0       0       0       0       0       0       0       0       0       0       
      +0       0       0       0       0       0       0       0       0       0       0       0       0       0       0       
      +0       0       0       0       0       0       0
   276 ;;      Locals:         8       0       0       0       0       0       0       0       0       0       0       0       
      +0       0       0       0       0       0       0       0       0       0       0       0       0       0       0       
      +0       0       0       0       0       0       0
   277 ;;      Temps:          0       0       0       0       0       0       0       0       0       0       0       0       
      +0       0       0       0       0       0       0       0       0       0       0       0       0       0       0       
      +0       0       0       0       0       0       0
   278 ;;      Totals:         8       0       0       0       0       0       0       0       0       0       0       0       
      +0       0       0       0       0       0       0       0       0       0       0       0       0       0       0       
      +0       0       0       0       0       0       0
   279 ;;Total ram usage:        8 bytes
   280 ;; Hardware stack levels used:    1
   281 ;; This function calls:
   282 ;;		Nothing
   283 ;; This function is called by:
   284 ;;		_main
   285 ;; This function uses a non-reentrant model
   286 ;;
   287                           
   288                           	psect	text1
   289  01FFA6                     __ptext1:
   290                           	callstack 0
   291  01FFA6                     _UserAppRun:
   292                           	callstack 127
   293  01FFA6                     
   294                           ;user_app.c: 105:     int i = 0;
   295  01FFA6  0E00               	movlw	0
   296  01FFA8  6E17               	movwf	(UserAppRun@i+1)^(0+1280),c
   297  01FFAA  0E00               	movlw	0
   298  01FFAC  6E16               	movwf	UserAppRun@i^(0+1280),c
   299  01FFAE                     
   300                           ;user_app.c: 106:     u8 au8Pattern[] = {0x01, 0x02, 0x04, 0x08, 0x10, 0x20};
   301  01FFAE  EE21  F118         	lfsr	2,UserAppRun@F15923
   302  01FFB2  EE11  F110         	lfsr	1,UserAppRun@au8Pattern
   303  01FFB6  0E05               	movlw	5
   304  01FFB8                     u11:
   305  01FFB8  C4DB F4E3          	movff	plusw2,plusw1
   306  01FFBC  06E8               	decf	wreg,f,c
   307  01FFBE  E2FC               	bc	u11
   308  01FFC0                     
   309                           ;user_app.c: 107:     static u16 u16Counter = 0x00;;user_app.c: 110: if(u16Counter == 0x
      +                          3E8)
   310  01FFC0  0EE8               	movlw	232
   311  01FFC2  180D               	xorwf	UserAppRun@u16Counter^(0+1280),w,c
   312  01FFC4  E107               	bnz	u21
   313  01FFC6  0E03               	movlw	3
   314  01FFC8  180E               	xorwf	(UserAppRun@u16Counter+1)^(0+1280),w,c
   315  01FFCA  A4D8               	btfss	status,2,c
   316  01FFCC  EFEA  F0FF         	goto	u21
   317  01FFD0  EFEC  F0FF         	goto	u20
   318  01FFD4                     u21:
   319  01FFD4  EFFD  F0FF         	goto	l78
   320  01FFD8                     u20:
   321  01FFD8                     
   322                           ;user_app.c: 113:     {;user_app.c: 114:         LATA = au8Pattern[i];
   323  01FFD8  0061  F440  F4BE   	movff	UserAppRun@au8Pattern,1214	;volatile
   324  01FFDE                     
   325                           ;user_app.c: 115:         i++;
   326  01FFDE  4A16               	infsnz	UserAppRun@i^(0+1280),f,c
   327  01FFE0  2A17               	incf	(UserAppRun@i+1)^(0+1280),f,c
   328  01FFE2                     
   329                           ;user_app.c: 117:     if (i == 6)
   330  01FFE2  0E06               	movlw	6
   331  01FFE4  1816               	xorwf	UserAppRun@i^(0+1280),w,c
   332  01FFE6  1017               	iorwf	(UserAppRun@i+1)^(0+1280),w,c
   333  01FFE8  A4D8               	btfss	status,2,c
   334  01FFEA  EFF9  F0FF         	goto	u31
   335  01FFEE  EFFB  F0FF         	goto	u30
   336  01FFF2                     u31:
   337  01FFF2  EFFB  F0FF         	goto	l777
   338  01FFF6                     u30:
   339  01FFF6                     l777:
   340                           
   341                           ;user_app.c: 122:     u16Counter++;
   342  01FFF6  4A0D               	infsnz	UserAppRun@u16Counter^(0+1280),f,c
   343  01FFF8  2A0E               	incf	(UserAppRun@u16Counter+1)^(0+1280),f,c
   344  01FFFA                     l78:
   345  01FFFA  0012               	return		;funcret
   346  01FFFC                     __end_of_UserAppRun:
   347                           	callstack 0
   348                           
   349 ;; *************** function _UserAppInitialize *****************
   350 ;; Defined at:
   351 ;;		line 76 in file "user_app.c"
   352 ;; Parameters:    Size  Location     Type
   353 ;;		None
   354 ;; Auto vars:     Size  Location     Type
   355 ;;		None
   356 ;; Return value:  Size  Location     Type
   357 ;;                  1    wreg      void 
   358 ;; Registers used:
   359 ;;		wreg, status,2
   360 ;; Tracked objects:
   361 ;;		On entry : 0/0
   362 ;;		On exit  : 0/0
   363 ;;		Unchanged: 0/0
   364 ;; Data sizes:     COMRAM   BANK5   BANK6   BANK7   BANK8   BANK9  BANK10  BANK11  BANK12  BANK13  BANK14  BANK15  BANK1
      +6  BANK17  BANK18  BANK19  BANK20  BANK21  BANK22  BANK23  BANK24  BANK25  BANK26  BANK27  BANK28  BANK29  BANK30  BANK3
      +1  BANK32  BANK33  BANK34  BANK35  BANK36  BANK37
   365 ;;      Params:         0       0       0       0       0       0       0       0       0       0       0       0       
      +0       0       0       0       0       0       0       0       0       0       0       0       0       0       0       
      +0       0       0       0       0       0       0
   366 ;;      Locals:         0       0       0       0       0       0       0       0       0       0       0       0       
      +0       0       0       0       0       0       0       0       0       0       0       0       0       0       0       
      +0       0       0       0       0       0       0
   367 ;;      Temps:          0       0       0       0       0       0       0       0       0       0       0       0       
      +0       0       0       0       0       0       0       0       0       0       0       0       0       0       0       
      +0       0       0       0       0       0       0
   368 ;;      Totals:         0       0       0       0       0       0       0       0       0       0       0       0       
      +0       0       0       0       0       0       0       0       0       0       0       0       0       0       0       
      +0       0       0       0       0       0       0
   369 ;;Total ram usage:        0 bytes
   370 ;; Hardware stack levels used:    1
   371 ;; This function calls:
   372 ;;		Nothing
   373 ;; This function is called by:
   374 ;;		_main
   375 ;; This function uses a non-reentrant model
   376 ;;
   377                           
   378                           	psect	text2
   379  01FEDC                     __ptext2:
   380                           	callstack 0
   381  01FEDC                     _UserAppInitialize:
   382                           	callstack 127
   383  01FEDC                     
   384                           ;user_app.c: 80:     LATA = 0x80;
   385  01FEDC  0E80               	movlw	128
   386  01FEDE  6EBE               	movwf	190,c	;volatile
   387                           
   388                           ;user_app.c: 85:     T0CON0 = 0X90;
   389  01FEE0  0E90               	movlw	144
   390  01FEE2  0103               	movlb	3	; () banked
   391  01FEE4  6F1A               	movwf	26,b	;volatile
   392                           
   393                           ;user_app.c: 86:     T0CON1 = 0X54;
   394  01FEE6  0E54               	movlw	84
   395  01FEE8  6F1B               	movwf	27,b	;volatile
   396  01FEEA                     
   397                           ; BSR set to: 3
   398  01FEEA  0012               	return		;funcret
   399  01FEEC                     __end_of_UserAppInitialize:
   400                           	callstack 0
   401                           
   402 ;; *************** function _TimeXus *****************
   403 ;; Defined at:
   404 ;;		line 143 in file "user_app.c"
   405 ;; Parameters:    Size  Location     Type
   406 ;;  u16Microseco    2    0[COMRAM] unsigned short 
   407 ;; Auto vars:     Size  Location     Type
   408 ;;  u16timer        2    2[COMRAM] unsigned short 
   409 ;; Return value:  Size  Location     Type
   410 ;;                  1    wreg      void 
   411 ;; Registers used:
   412 ;;		wreg, status,2, status,0
   413 ;; Tracked objects:
   414 ;;		On entry : 0/0
   415 ;;		On exit  : 0/0
   416 ;;		Unchanged: 0/0
   417 ;; Data sizes:     COMRAM   BANK5   BANK6   BANK7   BANK8   BANK9  BANK10  BANK11  BANK12  BANK13  BANK14  BANK15  BANK1
      +6  BANK17  BANK18  BANK19  BANK20  BANK21  BANK22  BANK23  BANK24  BANK25  BANK26  BANK27  BANK28  BANK29  BANK30  BANK3
      +1  BANK32  BANK33  BANK34  BANK35  BANK36  BANK37
   418 ;;      Params:         2       0       0       0       0       0       0       0       0       0       0       0       
      +0       0       0       0       0       0       0       0       0       0       0       0       0       0       0       
      +0       0       0       0       0       0       0
   419 ;;      Locals:         2       0       0       0       0       0       0       0       0       0       0       0       
      +0       0       0       0       0       0       0       0       0       0       0       0       0       0       0       
      +0       0       0       0       0       0       0
   420 ;;      Temps:          0       0       0       0       0       0       0       0       0       0       0       0       
      +0       0       0       0       0       0       0       0       0       0       0       0       0       0       0       
      +0       0       0       0       0       0       0
   421 ;;      Totals:         4       0       0       0       0       0       0       0       0       0       0       0       
      +0       0       0       0       0       0       0       0       0       0       0       0       0       0       0       
      +0       0       0       0       0       0       0
   422 ;;Total ram usage:        4 bytes
   423 ;; Hardware stack levels used:    1
   424 ;; This function calls:
   425 ;;		Nothing
   426 ;; This function is called by:
   427 ;;		_main
   428 ;; This function uses a non-reentrant model
   429 ;;
   430                           
   431                           	psect	text3
   432  01FF0E                     __ptext3:
   433                           	callstack 0
   434  01FF0E                     _TimeXus:
   435                           	callstack 127
   436  01FF0E                     
   437                           ;user_app.c: 143: void TimeXus(u16 u16Microseconds);user_app.c: 144: {;user_app.c: 147: 
      +                            T0CON0 &= 0x7F;
   438  01FF0E  0103               	movlb	3	; () banked
   439  01FF10  9F1A               	bcf	26,7,b	;volatile
   440  01FF12                     
   441                           ; BSR set to: 3
   442                           ;user_app.c: 148:   u16 u16timer = 0x00FF - u16Microseconds;
   443  01FF12  5010               	movf	TimeXus@u16Microseconds^(0+1280),w,c
   444  01FF14  08FF               	sublw	255
   445  01FF16  6E12               	movwf	TimeXus@u16timer^(0+1280),c
   446  01FF18  5011               	movf	(TimeXus@u16Microseconds+1)^(0+1280),w,c
   447  01FF1A  A0D8               	btfss	status,0,c
   448  01FF1C  2AE8               	incf	wreg,f,c
   449  01FF1E  0800               	sublw	0
   450  01FF20  6E13               	movwf	(TimeXus@u16timer+1)^(0+1280),c
   451  01FF22                     
   452                           ; BSR set to: 3
   453                           ;user_app.c: 152:   TMR0L = (u8) ((u16timer >> 8) & 0x00FF);
   454  01FF22  5013               	movf	(TimeXus@u16timer+1)^(0+1280),w,c
   455  01FF24  6F18               	movwf	24,b	;volatile
   456  01FF26                     
   457                           ; BSR set to: 3
   458                           ;user_app.c: 153:   TMR0H = (u8) (u16timer & 0x00FF);
   459  01FF26  0061  F448  F319   	movff	TimeXus@u16timer,793	;volatile
   460  01FF2C                     
   461                           ; BSR set to: 3
   462                           ;user_app.c: 156:   PIR3 = 0x7F;
   463  01FF2C  0E7F               	movlw	127
   464  01FF2E  6EB1               	movwf	177,c	;volatile
   465  01FF30                     
   466                           ; BSR set to: 3
   467                           ;user_app.c: 157:   T0CON0 |= 0x80;
   468  01FF30  8F1A               	bsf	26,7,b	;volatile
   469  01FF32                     
   470                           ; BSR set to: 3
   471  01FF32  0012               	return		;funcret
   472  01FF34                     __end_of_TimeXus:
   473                           	callstack 0
   474                           
   475 ;; *************** function _SystemSleep *****************
   476 ;; Defined at:
   477 ;;		line 130 in file "encm369_pic18.c"
   478 ;; Parameters:    Size  Location     Type
   479 ;;		None
   480 ;; Auto vars:     Size  Location     Type
   481 ;;		None
   482 ;; Return value:  Size  Location     Type
   483 ;;                  1    wreg      void 
   484 ;; Registers used:
   485 ;;		None
   486 ;; Tracked objects:
   487 ;;		On entry : 0/0
   488 ;;		On exit  : 0/0
   489 ;;		Unchanged: 0/0
   490 ;; Data sizes:     COMRAM   BANK5   BANK6   BANK7   BANK8   BANK9  BANK10  BANK11  BANK12  BANK13  BANK14  BANK15  BANK1
      +6  BANK17  BANK18  BANK19  BANK20  BANK21  BANK22  BANK23  BANK24  BANK25  BANK26  BANK27  BANK28  BANK29  BANK30  BANK3
      +1  BANK32  BANK33  BANK34  BANK35  BANK36  BANK37
   491 ;;      Params:         0       0       0       0       0       0       0       0       0       0       0       0       
      +0       0       0       0       0       0       0       0       0       0       0       0       0       0       0       
      +0       0       0       0       0       0       0
   492 ;;      Locals:         0       0       0       0       0       0       0       0       0       0       0       0       
      +0       0       0       0       0       0       0       0       0       0       0       0       0       0       0       
      +0       0       0       0       0       0       0
   493 ;;      Temps:          0       0       0       0       0       0       0       0       0       0       0       0       
      +0       0       0       0       0       0       0       0       0       0       0       0       0       0       0       
      +0       0       0       0       0       0       0
   494 ;;      Totals:         0       0       0       0       0       0       0       0       0       0       0       0       
      +0       0       0       0       0       0       0       0       0       0       0       0       0       0       0       
      +0       0       0       0       0       0       0
   495 ;;Total ram usage:        0 bytes
   496 ;; Hardware stack levels used:    1
   497 ;; This function calls:
   498 ;;		Nothing
   499 ;; This function is called by:
   500 ;;		_main
   501 ;; This function uses a non-reentrant model
   502 ;;
   503                           
   504                           	psect	text4
   505  01FED4                     __ptext4:
   506                           	callstack 0
   507  01FED4                     _SystemSleep:
   508                           	callstack 127
   509  01FED4  0012               	return		;funcret
   510  01FED6                     __end_of_SystemSleep:
   511                           	callstack 0
   512                           
   513 ;; *************** function _SysTickSetup *****************
   514 ;; Defined at:
   515 ;;		line 108 in file "encm369_pic18.c"
   516 ;; Parameters:    Size  Location     Type
   517 ;;		None
   518 ;; Auto vars:     Size  Location     Type
   519 ;;		None
   520 ;; Return value:  Size  Location     Type
   521 ;;                  1    wreg      void 
   522 ;; Registers used:
   523 ;;		wreg, status,2
   524 ;; Tracked objects:
   525 ;;		On entry : 0/0
   526 ;;		On exit  : 0/0
   527 ;;		Unchanged: 0/0
   528 ;; Data sizes:     COMRAM   BANK5   BANK6   BANK7   BANK8   BANK9  BANK10  BANK11  BANK12  BANK13  BANK14  BANK15  BANK1
      +6  BANK17  BANK18  BANK19  BANK20  BANK21  BANK22  BANK23  BANK24  BANK25  BANK26  BANK27  BANK28  BANK29  BANK30  BANK3
      +1  BANK32  BANK33  BANK34  BANK35  BANK36  BANK37
   529 ;;      Params:         0       0       0       0       0       0       0       0       0       0       0       0       
      +0       0       0       0       0       0       0       0       0       0       0       0       0       0       0       
      +0       0       0       0       0       0       0
   530 ;;      Locals:         0       0       0       0       0       0       0       0       0       0       0       0       
      +0       0       0       0       0       0       0       0       0       0       0       0       0       0       0       
      +0       0       0       0       0       0       0
   531 ;;      Temps:          0       0       0       0       0       0       0       0       0       0       0       0       
      +0       0       0       0       0       0       0       0       0       0       0       0       0       0       0       
      +0       0       0       0       0       0       0
   532 ;;      Totals:         0       0       0       0       0       0       0       0       0       0       0       0       
      +0       0       0       0       0       0       0       0       0       0       0       0       0       0       0       
      +0       0       0       0       0       0       0
   533 ;;Total ram usage:        0 bytes
   534 ;; Hardware stack levels used:    1
   535 ;; This function calls:
   536 ;;		Nothing
   537 ;; This function is called by:
   538 ;;		_main
   539 ;; This function uses a non-reentrant model
   540 ;;
   541                           
   542                           	psect	text5
   543  01FEEC                     __ptext5:
   544                           	callstack 0
   545  01FEEC                     _SysTickSetup:
   546                           	callstack 127
   547  01FEEC                     
   548                           ;encm369_pic18.c: 110:   G_u32SystemTime1ms = 0;
   549  01FEEC  0E00               	movlw	0
   550  01FEEE  6E09               	movwf	_G_u32SystemTime1ms^(0+1280),c	;volatile
   551  01FEF0  0E00               	movlw	0
   552  01FEF2  6E0A               	movwf	(_G_u32SystemTime1ms+1)^(0+1280),c	;volatile
   553  01FEF4  0E00               	movlw	0
   554  01FEF6  6E0B               	movwf	(_G_u32SystemTime1ms+2)^(0+1280),c	;volatile
   555  01FEF8  0E00               	movlw	0
   556  01FEFA  6E0C               	movwf	(_G_u32SystemTime1ms+3)^(0+1280),c	;volatile
   557                           
   558                           ;encm369_pic18.c: 111:   G_u32SystemTime1s = 0;
   559  01FEFC  0E00               	movlw	0
   560  01FEFE  6E05               	movwf	_G_u32SystemTime1s^(0+1280),c	;volatile
   561  01FF00  0E00               	movlw	0
   562  01FF02  6E06               	movwf	(_G_u32SystemTime1s+1)^(0+1280),c	;volatile
   563  01FF04  0E00               	movlw	0
   564  01FF06  6E07               	movwf	(_G_u32SystemTime1s+2)^(0+1280),c	;volatile
   565  01FF08  0E00               	movlw	0
   566  01FF0A  6E08               	movwf	(_G_u32SystemTime1s+3)^(0+1280),c	;volatile
   567  01FF0C  0012               	return		;funcret
   568  01FF0E                     __end_of_SysTickSetup:
   569                           	callstack 0
   570                           
   571 ;; *************** function _GpioSetup *****************
   572 ;; Defined at:
   573 ;;		line 89 in file "encm369_pic18.c"
   574 ;; Parameters:    Size  Location     Type
   575 ;;		None
   576 ;; Auto vars:     Size  Location     Type
   577 ;;		None
   578 ;; Return value:  Size  Location     Type
   579 ;;                  1    wreg      void 
   580 ;; Registers used:
   581 ;;		None
   582 ;; Tracked objects:
   583 ;;		On entry : 0/0
   584 ;;		On exit  : 0/0
   585 ;;		Unchanged: 0/0
   586 ;; Data sizes:     COMRAM   BANK5   BANK6   BANK7   BANK8   BANK9  BANK10  BANK11  BANK12  BANK13  BANK14  BANK15  BANK1
      +6  BANK17  BANK18  BANK19  BANK20  BANK21  BANK22  BANK23  BANK24  BANK25  BANK26  BANK27  BANK28  BANK29  BANK30  BANK3
      +1  BANK32  BANK33  BANK34  BANK35  BANK36  BANK37
   587 ;;      Params:         0       0       0       0       0       0       0       0       0       0       0       0       
      +0       0       0       0       0       0       0       0       0       0       0       0       0       0       0       
      +0       0       0       0       0       0       0
   588 ;;      Locals:         0       0       0       0       0       0       0       0       0       0       0       0       
      +0       0       0       0       0       0       0       0       0       0       0       0       0       0       0       
      +0       0       0       0       0       0       0
   589 ;;      Temps:          0       0       0       0       0       0       0       0       0       0       0       0       
      +0       0       0       0       0       0       0       0       0       0       0       0       0       0       0       
      +0       0       0       0       0       0       0
   590 ;;      Totals:         0       0       0       0       0       0       0       0       0       0       0       0       
      +0       0       0       0       0       0       0       0       0       0       0       0       0       0       0       
      +0       0       0       0       0       0       0
   591 ;;Total ram usage:        0 bytes
   592 ;; Hardware stack levels used:    1
   593 ;; This function calls:
   594 ;;		Nothing
   595 ;; This function is called by:
   596 ;;		_main
   597 ;; This function uses a non-reentrant model
   598 ;;
   599                           
   600                           	psect	text6
   601  01FED2                     __ptext6:
   602                           	callstack 0
   603  01FED2                     _GpioSetup:
   604                           	callstack 127
   605  01FED2  0012               	return		;funcret
   606  01FED4                     __end_of_GpioSetup:
   607                           	callstack 0
   608                           
   609 ;; *************** function _ClockSetup *****************
   610 ;; Defined at:
   611 ;;		line 70 in file "encm369_pic18.c"
   612 ;; Parameters:    Size  Location     Type
   613 ;;		None
   614 ;; Auto vars:     Size  Location     Type
   615 ;;		None
   616 ;; Return value:  Size  Location     Type
   617 ;;                  1    wreg      void 
   618 ;; Registers used:
   619 ;;		None
   620 ;; Tracked objects:
   621 ;;		On entry : 0/0
   622 ;;		On exit  : 0/0
   623 ;;		Unchanged: 0/0
   624 ;; Data sizes:     COMRAM   BANK5   BANK6   BANK7   BANK8   BANK9  BANK10  BANK11  BANK12  BANK13  BANK14  BANK15  BANK1
      +6  BANK17  BANK18  BANK19  BANK20  BANK21  BANK22  BANK23  BANK24  BANK25  BANK26  BANK27  BANK28  BANK29  BANK30  BANK3
      +1  BANK32  BANK33  BANK34  BANK35  BANK36  BANK37
   625 ;;      Params:         0       0       0       0       0       0       0       0       0       0       0       0       
      +0       0       0       0       0       0       0       0       0       0       0       0       0       0       0       
      +0       0       0       0       0       0       0
   626 ;;      Locals:         0       0       0       0       0       0       0       0       0       0       0       0       
      +0       0       0       0       0       0       0       0       0       0       0       0       0       0       0       
      +0       0       0       0       0       0       0
   627 ;;      Temps:          0       0       0       0       0       0       0       0       0       0       0       0       
      +0       0       0       0       0       0       0       0       0       0       0       0       0       0       0       
      +0       0       0       0       0       0       0
   628 ;;      Totals:         0       0       0       0       0       0       0       0       0       0       0       0       
      +0       0       0       0       0       0       0       0       0       0       0       0       0       0       0       
      +0       0       0       0       0       0       0
   629 ;;Total ram usage:        0 bytes
   630 ;; Hardware stack levels used:    1
   631 ;; This function calls:
   632 ;;		Nothing
   633 ;; This function is called by:
   634 ;;		_main
   635 ;; This function uses a non-reentrant model
   636 ;;
   637                           
   638                           	psect	text7
   639  01FED0                     __ptext7:
   640                           	callstack 0
   641  01FED0                     _ClockSetup:
   642                           	callstack 127
   643  01FED0  0012               	return		;funcret
   644  01FED2                     __end_of_ClockSetup:
   645                           	callstack 0
   646  0000                     
   647                           	psect	rparam
   648  0000                     
   649                           	psect	idloc
   650                           
   651                           ;Config register IDLOC0 @ 0x200000
   652                           ;	unspecified, using default values
   653  200000                     	org	2097152
   654  200000  0FFF               	dw	4095
   655                           
   656                           ;Config register IDLOC1 @ 0x200002
   657                           ;	unspecified, using default values
   658  200002                     	org	2097154
   659  200002  0FFF               	dw	4095
   660                           
   661                           ;Config register IDLOC2 @ 0x200004
   662                           ;	unspecified, using default values
   663  200004                     	org	2097156
   664  200004  0FFF               	dw	4095
   665                           
   666                           ;Config register IDLOC3 @ 0x200006
   667                           ;	unspecified, using default values
   668  200006                     	org	2097158
   669  200006  0FFF               	dw	4095
   670                           
   671                           ;Config register IDLOC4 @ 0x200008
   672                           ;	unspecified, using default values
   673  200008                     	org	2097160
   674  200008  0FFF               	dw	4095
   675                           
   676                           ;Config register IDLOC5 @ 0x20000A
   677                           ;	unspecified, using default values
   678  20000A                     	org	2097162
   679  20000A  0FFF               	dw	4095
   680                           
   681                           ;Config register IDLOC6 @ 0x20000C
   682                           ;	unspecified, using default values
   683  20000C                     	org	2097164
   684  20000C  0FFF               	dw	4095
   685                           
   686                           ;Config register IDLOC7 @ 0x20000E
   687                           ;	unspecified, using default values
   688  20000E                     	org	2097166
   689  20000E  0FFF               	dw	4095
   690                           
   691                           ;Config register IDLOC8 @ 0x200010
   692                           ;	unspecified, using default values
   693  200010                     	org	2097168
   694  200010  0FFF               	dw	4095
   695                           
   696                           ;Config register IDLOC9 @ 0x200012
   697                           ;	unspecified, using default values
   698  200012                     	org	2097170
   699  200012  0FFF               	dw	4095
   700                           
   701                           ;Config register IDLOC10 @ 0x200014
   702                           ;	unspecified, using default values
   703  200014                     	org	2097172
   704  200014  0FFF               	dw	4095
   705                           
   706                           ;Config register IDLOC11 @ 0x200016
   707                           ;	unspecified, using default values
   708  200016                     	org	2097174
   709  200016  0FFF               	dw	4095
   710                           
   711                           ;Config register IDLOC12 @ 0x200018
   712                           ;	unspecified, using default values
   713  200018                     	org	2097176
   714  200018  0FFF               	dw	4095
   715                           
   716                           ;Config register IDLOC13 @ 0x20001A
   717                           ;	unspecified, using default values
   718  20001A                     	org	2097178
   719  20001A  0FFF               	dw	4095
   720                           
   721                           ;Config register IDLOC14 @ 0x20001C
   722                           ;	unspecified, using default values
   723  20001C                     	org	2097180
   724  20001C  0FFF               	dw	4095
   725                           
   726                           ;Config register IDLOC15 @ 0x20001E
   727                           ;	unspecified, using default values
   728  20001E                     	org	2097182
   729  20001E  0FFF               	dw	4095
   730                           
   731                           	psect	config
   732                           
   733                           ;Config register CONFIG1 @ 0x300000
   734                           ;	External Oscillator Selection
   735                           ;	FEXTOSC = OFF, Oscillator not enabled
   736                           ;	Reset Oscillator Selection
   737                           ;	RSTOSC = HFINTOSC_64MHZ, HFINTOSC with HFFRQ = 64 MHz and CDIV = 1:1
   738  300000                     	org	3145728
   739  300000  8C                 	db	140
   740                           
   741                           ;Config register CONFIG2 @ 0x300001
   742                           ;	Clock out Enable bit
   743                           ;	CLKOUTEN = ON, CLKOUT function is enabled
   744                           ;	PRLOCKED One-Way Set Enable bit
   745                           ;	PR1WAY = ON, PRLOCKED bit can be cleared and set only once
   746                           ;	Clock Switch Enable bit
   747                           ;	CSWEN = ON, Writing to NOSC and NDIV is allowed
   748                           ;	Fail-Safe Clock Monitor Enable bit
   749                           ;	FCMEN = ON, Fail-Safe Clock Monitor enabled
   750  300001                     	org	3145729
   751  300001  FE                 	db	254
   752                           
   753                           ;Config register CONFIG3 @ 0x300002
   754                           ;	MCLR Enable bit
   755                           ;	MCLRE = EXTMCLR, If LVP = 0, MCLR pin is MCLR; If LVP = 1, RE3 pin function is MCLR
   756                           ;	Power-up timer selection bits
   757                           ;	PWRTS = PWRT_OFF, PWRT is disabled
   758                           ;	Multi-vector enable bit
   759                           ;	MVECEN = ON, Multi-vector enabled, Vector table used for interrupts
   760                           ;	IVTLOCK bit One-way set enable bit
   761                           ;	IVT1WAY = ON, IVTLOCKED bit can be cleared and set only once
   762                           ;	Low Power BOR Enable bit
   763                           ;	LPBOREN = OFF, Low-Power BOR disabled
   764                           ;	Brown-out Reset Enable bits
   765                           ;	BOREN = SBORDIS, Brown-out Reset enabled , SBOREN bit is ignored
   766  300002                     	org	3145730
   767  300002  FF                 	db	255
   768                           
   769                           ;Config register CONFIG4 @ 0x300003
   770                           ;	Brown-out Reset Voltage Selection bits
   771                           ;	BORV = VBOR_2P85, Brown-out Reset Voltage (VBOR) set to 2.8V
   772                           ;	ZCD Disable bit
   773                           ;	ZCD = OFF, ZCD module is disabled. ZCD can be enabled by setting the ZCDSEN bit of ZCD
      +                          CON
   774                           ;	PPSLOCK bit One-Way Set Enable bit
   775                           ;	PPS1WAY = ON, PPSLOCKED bit can be cleared and set only once; PPS registers remain loc
      +                          ked after one clear/set cycle
   776                           ;	Stack Full/Underflow Reset Enable bit
   777                           ;	STVREN = ON, Stack full/underflow will cause Reset
   778                           ;	Low Voltage Programming Enable bit
   779                           ;	LVP = ON, Low voltage programming enabled. MCLR/VPP pin function is MCLR. MCLRE config
      +                          uration bit is ignored
   780                           ;	Extended Instruction Set Enable bit
   781                           ;	XINST = OFF, Extended Instruction Set and Indexed Addressing Mode disabled
   782  300003                     	org	3145731
   783  300003  FC                 	db	252
   784                           
   785                           ;Config register CONFIG5 @ 0x300004
   786                           ;	WDT Period selection bits
   787                           ;	WDTCPS = WDTCPS_31, Divider ratio 1:65536; software control of WDTPS
   788                           ;	WDT operating mode
   789                           ;	WDTE = OFF, WDT Disabled; SWDTEN is ignored
   790  300004                     	org	3145732
   791  300004  9F                 	db	159
   792                           
   793                           ;Config register CONFIG6 @ 0x300005
   794                           ;	WDT Window Select bits
   795                           ;	WDTCWS = WDTCWS_7, window always open (100%); software control; keyed access not requi
      +                          red
   796                           ;	WDT input clock selector
   797                           ;	WDTCCS = SC, Software Control
   798  300005                     	org	3145733
   799  300005  FF                 	db	255
   800                           
   801                           ;Config register CONFIG7 @ 0x300006
   802                           ;	Boot Block Size selection bits
   803                           ;	BBSIZE = BBSIZE_512, Boot Block size is 512 words
   804                           ;	Boot Block enable bit
   805                           ;	BBEN = OFF, Boot block disabled
   806                           ;	Storage Area Flash enable bit
   807                           ;	SAFEN = OFF, SAF disabled
   808                           ;	Background Debugger
   809                           ;	DEBUG = OFF, Background Debugger disabled
   810  300006                     	org	3145734
   811  300006  FF                 	db	255
   812                           
   813                           ;Config register CONFIG8 @ 0x300007
   814                           ;	Boot Block Write Protection bit
   815                           ;	WRTB = OFF, Boot Block not Write protected
   816                           ;	Configuration Register Write Protection bit
   817                           ;	WRTC = OFF, Configuration registers not Write protected
   818                           ;	Data EEPROM Write Protection bit
   819                           ;	WRTD = OFF, Data EEPROM not Write protected
   820                           ;	SAF Write protection bit
   821                           ;	WRTSAF = OFF, SAF not Write Protected
   822                           ;	Application Block write protection bit
   823                           ;	WRTAPP = OFF, Application Block not write protected
   824  300007                     	org	3145735
   825  300007  FF                 	db	255
   826                           
   827                           ; Padding undefined space
   828  300008                     	org	3145736
   829  300008  FF                 	db	255
   830                           
   831                           ;Config register CONFIG10 @ 0x300009
   832                           ;	PFM and Data EEPROM Code Protection bit
   833                           ;	CP = OFF, PFM and Data EEPROM code protection disabled
   834  300009                     	org	3145737
   835  300009  FF                 	db	255
   836                           tosu	equ	0x4FF
   837                           tosh	equ	0x4FE
   838                           tosl	equ	0x4FD
   839                           stkptr	equ	0x4FC
   840                           pclatu	equ	0x4FB
   841                           pclath	equ	0x4FA
   842                           pcl	equ	0x4F9
   843                           tblptru	equ	0x4F8
   844                           tblptrh	equ	0x4F7
   845                           tblptrl	equ	0x4F6
   846                           tablat	equ	0x4F5
   847                           prodh	equ	0x4F4
   848                           prodl	equ	0x4F3
   849                           indf0	equ	0x4EF
   850                           postinc0	equ	0x4EE
   851                           postdec0	equ	0x4ED
   852                           preinc0	equ	0x4EC
   853                           plusw0	equ	0x4EB
   854                           fsr0h	equ	0x4EA
   855                           fsr0l	equ	0x4E9
   856                           wreg	equ	0x4E8
   857                           indf1	equ	0x4E7
   858                           postinc1	equ	0x4E6
   859                           postdec1	equ	0x4E5
   860                           preinc1	equ	0x4E4
   861                           plusw1	equ	0x4E3
   862                           fsr1h	equ	0x4E2
   863                           fsr1l	equ	0x4E1
   864                           bsr	equ	0x4E0
   865                           indf2	equ	0x4DF
   866                           postinc2	equ	0x4DE
   867                           postdec2	equ	0x4DD
   868                           preinc2	equ	0x4DC
   869                           plusw2	equ	0x4DB
   870                           fsr2h	equ	0x4DA
   871                           fsr2l	equ	0x4D9
   872                           status	equ	0x4D8

Data Sizes:
    Strings     0
    Constant    0
    Data        6
    BSS         15
    Persistent  0
    Stack       0

Auto Spaces:
    Space          Size  Autos    Used
    COMRAM           95      8      29
    BANK5           160      0       0
    BANK6           256      0       0
    BANK7           256      0       0
    BANK8           256      0       0
    BANK9           256      0       0
    BANK10          256      0       0
    BANK11          256      0       0
    BANK12          256      0       0
    BANK13          256      0       0
    BANK14          256      0       0
    BANK15          256      0       0
    BANK16          256      0       0
    BANK17          256      0       0
    BANK18          256      0       0
    BANK19          256      0       0
    BANK20          256      0       0
    BANK21          256      0       0
    BANK22          256      0       0
    BANK23          256      0       0
    BANK24          256      0       0
    BANK25          256      0       0
    BANK26          256      0       0
    BANK27          256      0       0
    BANK28          256      0       0
    BANK29          256      0       0
    BANK30          256      0       0
    BANK31          256      0       0
    BANK32          256      0       0
    BANK33          256      0       0
    BANK34          256      0       0
    BANK35          256      0       0
    BANK36          256      0       0
    BANK37          256      0       0

Pointer List with Targets:

    None.

Critical Paths under _main in COMRAM

    _main->_UserAppRun

Critical Paths under _main in BANK5

    None.

Critical Paths under _main in BANK6

    None.

Critical Paths under _main in BANK7

    None.

Critical Paths under _main in BANK8

    None.

Critical Paths under _main in BANK9

    None.

Critical Paths under _main in BANK10

    None.

Critical Paths under _main in BANK11

    None.

Critical Paths under _main in BANK12

    None.

Critical Paths under _main in BANK13

    None.

Critical Paths under _main in BANK14

    None.

Critical Paths under _main in BANK15

    None.

Critical Paths under _main in BANK16

    None.

Critical Paths under _main in BANK17

    None.

Critical Paths under _main in BANK18

    None.

Critical Paths under _main in BANK19

    None.

Critical Paths under _main in BANK20

    None.

Critical Paths under _main in BANK21

    None.

Critical Paths under _main in BANK22

    None.

Critical Paths under _main in BANK23

    None.

Critical Paths under _main in BANK24

    None.

Critical Paths under _main in BANK25

    None.

Critical Paths under _main in BANK26

    None.

Critical Paths under _main in BANK27

    None.

Critical Paths under _main in BANK28

    None.

Critical Paths under _main in BANK29

    None.

Critical Paths under _main in BANK30

    None.

Critical Paths under _main in BANK31

    None.

Critical Paths under _main in BANK32

    None.

Critical Paths under _main in BANK33

    None.

Critical Paths under _main in BANK34

    None.

Critical Paths under _main in BANK35

    None.

Critical Paths under _main in BANK36

    None.

Critical Paths under _main in BANK37

    None.

Call Graph Tables:

 ---------------------------------------------------------------------------------
 (Depth) Function   	        Calls       Base Space   Used Autos Params    Refs
 ---------------------------------------------------------------------------------
 (0) _main                                                 0     0      0     203
                         _ClockSetup
                          _GpioSetup
                       _SysTickSetup
                        _SystemSleep
                            _TimeXus
                  _UserAppInitialize
                         _UserAppRun
 ---------------------------------------------------------------------------------
 (1) _UserAppRun                                           8     8      0      60
                                              0 COMRAM     8     8      0
 ---------------------------------------------------------------------------------
 (1) _UserAppInitialize                                    0     0      0       0
 ---------------------------------------------------------------------------------
 (1) _TimeXus                                              4     2      2     143
                                              0 COMRAM     4     2      2
 ---------------------------------------------------------------------------------
 (1) _SystemSleep                                          0     0      0       0
 ---------------------------------------------------------------------------------
 (1) _SysTickSetup                                         0     0      0       0
 ---------------------------------------------------------------------------------
 (1) _GpioSetup                                            0     0      0       0
 ---------------------------------------------------------------------------------
 (1) _ClockSetup                                           0     0      0       0
 ---------------------------------------------------------------------------------
 Estimated maximum stack depth 1
 ---------------------------------------------------------------------------------

 Call Graph Graphs:

 _main (ROOT)
   _ClockSetup
   _GpioSetup
   _SysTickSetup
   _SystemSleep
   _TimeXus
   _UserAppInitialize
   _UserAppRun

 Address spaces:
Name               Size   Autos  Total    Cost      Usage
BIGRAM            20FF      0       0      71        0.0%
EEDATA             400      0       0       0        0.0%
BITBANK37          100      0       0      70        0.0%
BANK37             100      0       0      68        0.0%
BITBANK36          100      0       0      66        0.0%
BANK36             100      0       0      67        0.0%
BITBANK35          100      0       0      64        0.0%
BANK35             100      0       0      65        0.0%
BITBANK34          100      0       0      62        0.0%
BANK34             100      0       0      63        0.0%
BITBANK33          100      0       0      60        0.0%
BANK33             100      0       0      61        0.0%
BITBANK32          100      0       0      58        0.0%
BANK32             100      0       0      59        0.0%
BITBANK31          100      0       0      56        0.0%
BANK31             100      0       0      57        0.0%
BITBANK30          100      0       0      54        0.0%
BANK30             100      0       0      55        0.0%
BITBANK29          100      0       0      52        0.0%
BANK29             100      0       0      53        0.0%
BITBANK28          100      0       0      50        0.0%
BANK28             100      0       0      51        0.0%
BITBANK27          100      0       0      48        0.0%
BANK27             100      0       0      49        0.0%
BITBANK26          100      0       0      46        0.0%
BANK26             100      0       0      47        0.0%
BITBANK25          100      0       0      44        0.0%
BANK25             100      0       0      45        0.0%
BITBANK24          100      0       0      42        0.0%
BANK24             100      0       0      43        0.0%
BITBANK23          100      0       0      40        0.0%
BANK23             100      0       0      41        0.0%
BITBANK22          100      0       0      38        0.0%
BANK22             100      0       0      39        0.0%
BITBANK21          100      0       0      36        0.0%
BANK21             100      0       0      37        0.0%
BITBANK20          100      0       0      34        0.0%
BANK20             100      0       0      35        0.0%
BITBANK19          100      0       0      32        0.0%
BANK19             100      0       0      33        0.0%
BITBANK18          100      0       0      30        0.0%
BANK18             100      0       0      31        0.0%
BITBANK17          100      0       0      28        0.0%
BANK17             100      0       0      29        0.0%
BITBANK16          100      0       0      26        0.0%
BANK16             100      0       0      27        0.0%
BITBANK15          100      0       0      24        0.0%
BANK15             100      0       0      25        0.0%
BITBANK14          100      0       0      22        0.0%
BANK14             100      0       0      23        0.0%
BITBANK13          100      0       0      20        0.0%
BANK13             100      0       0      21        0.0%
BITBANK12          100      0       0      18        0.0%
BANK12             100      0       0      19        0.0%
BITBANK11          100      0       0      16        0.0%
BANK11             100      0       0      17        0.0%
BITBANK10          100      0       0      14        0.0%
BANK10             100      0       0      15        0.0%
BITBANK9           100      0       0      12        0.0%
BANK9              100      0       0      13        0.0%
BITBANK8           100      0       0      10        0.0%
BANK8              100      0       0      11        0.0%
BITBANK7           100      0       0       8        0.0%
BANK7              100      0       0       9        0.0%
BITBANK6           100      0       0       6        0.0%
BANK6              100      0       0       7        0.0%
BITBANK5            A0      0       0       4        0.0%
BANK5               A0      0       0       5        0.0%
BITCOMRAM           5F      0       0       0        0.0%
COMRAM              5F      8      1D       1       30.5%
BITSFR_5             0      0       0     200        0.0%
SFR_5                0      0       0     200        0.0%
BITSFR_4             0      0       0     200        0.0%
SFR_4                0      0       0     200        0.0%
BITSFR_3             0      0       0     200        0.0%
SFR_3                0      0       0     200        0.0%
BITSFR_2             0      0       0     200        0.0%
SFR_2                0      0       0     200        0.0%
BITSFR_1             0      0       0     200        0.0%
SFR_1                0      0       0     200        0.0%
BITSFR               0      0       0     200        0.0%
SFR                  0      0       0     200        0.0%
STACK                0      0       0       2        0.0%
NULL                 0      0       0       0        0.0%
ABS                  0      0      1D      69        0.0%
DATA                 0      0      1D       3        0.0%
CODE                 0      0       0       0        0.0%


Microchip Technology PIC18 Macro Assembler V2.31 build 20201012212115 
Symbol Table                                                                                   Thu Mar 04 22:42:01 2021

     __size_of_SysTickSetup 0022                           l7 FED0                          l10 FED2  
                        l13 FF0C                          l16 FED4                          l46 FF8E  
                        l81 FF32                          l68 FEEA                          l78 FFFA  
                        u11 FFB8                          u20 FFD8                          u21 FFD4  
                        u30 FFF6                          u31 FFF2                          u50 FF9C  
                        u51 FF98                         l811 FEEC                         l821 FF2C  
                       l813 FF0E                         l823 FF30                         l815 FF12  
                       l831 FF70                         l817 FF22                         l761 FFA6  
                       l841 FF82                         l833 FF74                         l825 FF66  
                       l819 FF26                         l771 FFDE                         l763 FFAE  
                       l843 FF9C                         l835 FF78                         l827 FF68  
                       l773 FFE2                         l765 FFC0                         l837 FF7C  
                       l829 FF6C                         l759 FEDC                         l775 FFF6  
                       l767 FFD8                         l839 FF7E                         l777 FFF6  
                       l769 FFD8                         wreg 0004E8                        _LATA 0004BE  
                      _PIR3 0004B1                        _main FF66                _SysTickSetup FEEC  
                      fsr1l 0004E1                        start FFFC        __size_of_SystemSleep 0002  
              ___param_bank 000000                  _ClockSetup FED0             __end_of_TimeXus FF34  
                     ?_main 0510                       _TMR0H 000319                       _TMR0L 000318  
                     tablat 0004F5                       plusw1 0004E3                       plusw2 0004DB  
                     status 0004D8             TimeXus@u16timer 0512             __initialization FF34  
              __end_of_main FFA6                      ??_main 0518               __activetblptr 000000  
                    _T0CON0 00031A                      _T0CON1 00031B          __size_of_GpioSetup 0002  
                 ??_TimeXus 0512                 ?_ClockSetup 0510                      clear_0 FF5A  
              __pdataCOMRAM 0518                      tblptrh 0004F7                      tblptrl 0004F6  
                    tblptru 0004F8                  _UserAppRun FFA6                  __accesstop 0560  
   __end_of__initialization FF60               ___rparam_used 000001            _G_u8UserAppFlags 050F  
            __pcstackCOMRAM 0510      TimeXus@u16Microseconds 0510           __end_of_GpioSetup FED4  
       __size_of_ClockSetup 0002                 ?_UserAppRun 0510               ??_SystemSleep 0510  
                   __Hparam 0000                     __Lparam 0000                     _TimeXus FF0E  
                   __pcinit FF34                     __ramtop 2600                     __ptext0 FF66  
                   __ptext1 FFA6                     __ptext2 FEDC                     __ptext3 FF0E  
                   __ptext4 FED4                     __ptext5 FEEC                     __ptext6 FED2  
                   __ptext7 FED0        end_of_initialization FF60            _G_u32SystemFlags 0501  
                   postdec1 0004E5                     postinc0 0004EE         __end_of_SystemSleep FED6  
              ??_ClockSetup 0510         __size_of_UserAppRun 0056        UserAppRun@u16Counter 050D  
        __end_of_ClockSetup FED2                 UserAppRun@i 0516               __pidataCOMRAM FED6  
                 _GpioSetup FED2         start_initialization FF34               ?_SysTickSetup 0510  
               _SystemSleep FED4                  ?_GpioSetup 0510                 __pbssCOMRAM 0501  
         _UserAppInitialize FEDC                ??_UserAppRun 0510        UserAppRun@au8Pattern 0510  
        ?_UserAppInitialize 0510              ??_SysTickSetup 0510         ??_UserAppInitialize 0510  
                  ?_TimeXus 0510          __end_of_UserAppRun FFFC   __end_of_UserAppInitialize FEEC  
               ??_GpioSetup 0510                   copy_data0 FF48                    __Hrparam 0000  
                  __Lrparam 0000            __size_of_TimeXus 0026            UserAppRun@F15923 0518  
      __end_of_SysTickSetup FF0E  __size_of_UserAppInitialize 0010               __size_of_main 0040  
              ?_SystemSleep 0510          _G_u32SystemTime1ms 0509           _G_u32SystemTime1s 0505  
