

Microchip MPLAB XC8 Assembler V2.31 build 20201012212115 
                                                                                               Wed Mar 31 20:08:48 2021

Microchip MPLAB XC8 C Compiler v2.31 (Free license) build 20201012212115 Og1 
     1                           	processor	18F27Q43
     2                           	fnconf	rparam,??,?,0
     3                           	pagewidth 120
     4                           	opt	flic
     5                           	psect	idataBANK6,global,class=CODE,delta=1,noexec
     6                           	psect	cinit,global,reloc=2,class=CODE,delta=1
     7                           	psect	bssCOMRAM,global,class=COMRAM,space=1,delta=1,lowdata,noexec
     8                           	psect	dataBANK6,global,class=BANK6,space=1,delta=1,lowdata,noexec
     9                           	psect	cstackCOMRAM,global,class=COMRAM,space=1,delta=1,lowdata,noexec
    10                           	psect	text0,global,reloc=2,class=CODE,delta=1
    11                           	psect	text1,global,reloc=2,class=CODE,delta=1
    12                           	psect	text2,global,reloc=2,class=CODE,delta=1
    13                           	psect	text3,global,reloc=2,class=CODE,delta=1
    14                           	psect	text4,global,reloc=2,class=CODE,delta=1
    15                           	psect	text5,global,reloc=2,class=CODE,delta=1
    16                           	psect	text6,global,reloc=2,class=CODE,delta=1
    17                           	psect	intsave_regs,global,class=BIGRAM,space=1,delta=1,noexec
    18                           	psect	rparam,global,class=COMRAM,space=1,delta=1,noexec
    19                           	psect	idloc,global,abs,ovrld,class=IDLOC,space=5,delta=1,noexec
    20                           	psect	config,global,abs,ovrld,class=CONFIG,space=4,delta=1,noexec
    21  0000                     
    22                           ; Version 2.30
    23                           ; Generated 20/08/2020 GMT
    24                           ; 
    25                           ; Copyright © 2020, Microchip Technology Inc. and its subsidiaries ("Microchip")
    26                           ; All rights reserved.
    27                           ; 
    28                           ; This software is developed by Microchip Technology Inc. and its subsidiaries ("Microch
      +                          ip").
    29                           ; 
    30                           ; Redistribution and use in source and binary forms, with or without modification, are
    31                           ; permitted provided that the following conditions are met:
    32                           ; 
    33                           ;     1. Redistributions of source code must retain the above copyright notice, this lis
      +                          t of
    34                           ;        conditions and the following disclaimer.
    35                           ; 
    36                           ;     2. Redistributions in binary form must reproduce the above copyright notice, this 
      +                          list
    37                           ;        of conditions and the following disclaimer in the documentation and/or other
    38                           ;        materials provided with the distribution. Publication is not required when
    39                           ;        this file is used in an embedded application.
    40                           ; 
    41                           ;     3. Microchip's name may not be used to endorse or promote products derived from th
      +                          is
    42                           ;        software without specific prior written permission.
    43                           ; 
    44                           ; THIS SOFTWARE IS PROVIDED BY MICROCHIP "AS IS" AND ANY EXPRESS OR IMPLIED WARRANTIES,
    45                           ; INCLUDING, BUT NOT LIMITED TO, THE IMPLIED WARRANTIES OF MERCHANTABILITY AND FITNESS F
      +                          OR
    46                           ; PURPOSE ARE DISCLAIMED.  IN NO EVENT SHALL MICROCHIP BE LIABLE FOR ANY DIRECT, INDIREC
      +                          T,
    47                           ; INCIDENTAL, SPECIAL, EXEMPLARY, OR CONSEQUENTIAL DAMAGES (INCLUDING BUT NOT LIMITED TO
    48                           ; PROCUREMENT OF SUBSTITUTE GOODS OR SERVICES; LOSS OF USE, DATA OR PROFITS; OR BUSINESS
    49                           ; INTERRUPTION) HOWSOEVER CAUSED AND ON ANY THEORY OF LIABILITY, WHETHER IN CONTRACT, ST
      +                          RICT
    50                           ; LIABILITY, OR TORT (INCLUDING NEGLIGENCE OR OTHERWISE) ARISING IN ANY WAY OUT OF THE U
      +                          SE OF
    51                           ; THIS SOFTWARE, EVEN IF ADVISED OF THE POSSIBILITY OF SUCH DAMAGE.
    52                           ; 
    53                           ; 
    54                           ; Code-generator required, PIC18F27Q43 Definitions
    55                           ; 
    56                           ; SFR Addresses
    57  0000                     
    58                           	psect	idataBANK6
    59  01FEFC                     __pidataBANK6:
    60                           	callstack 0
    61                           
    62                           ;initializer for _UserApp_au8sinTable
    63  01FEFC  80                 	db	128
    64  01FEFD  83                 	db	131
    65  01FEFE  86                 	db	134
    66  01FEFF  89                 	db	137
    67  01FF00  8C                 	db	140
    68  01FF01  8F                 	db	143
    69  01FF02  92                 	db	146
    70  01FF03  95                 	db	149
    71  01FF04  98                 	db	152
    72  01FF05  9B                 	db	155
    73  01FF06  9E                 	db	158
    74  01FF07  A2                 	db	162
    75  01FF08  A5                 	db	165
    76  01FF09  A7                 	db	167
    77  01FF0A  AA                 	db	170
    78  01FF0B  AD                 	db	173
    79  01FF0C  B0                 	db	176
    80  01FF0D  B3                 	db	179
    81  01FF0E  B6                 	db	182
    82  01FF0F  B9                 	db	185
    83  01FF10  BC                 	db	188
    84  01FF11  BE                 	db	190
    85  01FF12  C1                 	db	193
    86  01FF13  C4                 	db	196
    87  01FF14  C6                 	db	198
    88  01FF15  C9                 	db	201
    89  01FF16  CB                 	db	203
    90  01FF17  CE                 	db	206
    91  01FF18  D0                 	db	208
    92  01FF19  D3                 	db	211
    93  01FF1A  D5                 	db	213
    94  01FF1B  D7                 	db	215
    95  01FF1C  DA                 	db	218
    96  01FF1D  DC                 	db	220
    97  01FF1E  DE                 	db	222
    98  01FF1F  E0                 	db	224
    99  01FF20  E2                 	db	226
   100  01FF21  E4                 	db	228
   101  01FF22  E6                 	db	230
   102  01FF23  E8                 	db	232
   103  01FF24  EA                 	db	234
   104  01FF25  EB                 	db	235
   105  01FF26  ED                 	db	237
   106  01FF27  EE                 	db	238
   107  01FF28  F0                 	db	240
   108  01FF29  F1                 	db	241
   109  01FF2A  F3                 	db	243
   110  01FF2B  F4                 	db	244
   111  01FF2C  F5                 	db	245
   112  01FF2D  F6                 	db	246
   113  01FF2E  F8                 	db	248
   114  01FF2F  F9                 	db	249
   115  01FF30  FA                 	db	250
   116  01FF31  FA                 	db	250
   117  01FF32  FB                 	db	251
   118  01FF33  FC                 	db	252
   119  01FF34  FD                 	db	253
   120  01FF35  FD                 	db	253
   121  01FF36  FE                 	db	254
   122  01FF37  FE                 	db	254
   123  01FF38  FE                 	db	254
   124  01FF39  FF                 	db	255
   125  01FF3A  FF                 	db	255
   126  01FF3B  FF                 	db	255
   127  01FF3C  FF                 	db	255
   128  01FF3D  FF                 	db	255
   129  01FF3E  FF                 	db	255
   130  01FF3F  FF                 	db	255
   131  01FF40  FE                 	db	254
   132  01FF41  FE                 	db	254
   133  01FF42  FE                 	db	254
   134  01FF43  FD                 	db	253
   135  01FF44  FD                 	db	253
   136  01FF45  FC                 	db	252
   137  01FF46  FB                 	db	251
   138  01FF47  FA                 	db	250
   139  01FF48  FA                 	db	250
   140  01FF49  F9                 	db	249
   141  01FF4A  F8                 	db	248
   142  01FF4B  F6                 	db	246
   143  01FF4C  F5                 	db	245
   144  01FF4D  F4                 	db	244
   145  01FF4E  F3                 	db	243
   146  01FF4F  F1                 	db	241
   147  01FF50  F0                 	db	240
   148  01FF51  EE                 	db	238
   149  01FF52  ED                 	db	237
   150  01FF53  EB                 	db	235
   151  01FF54  EA                 	db	234
   152  01FF55  E8                 	db	232
   153  01FF56  E6                 	db	230
   154  01FF57  E4                 	db	228
   155  01FF58  E2                 	db	226
   156  01FF59  E0                 	db	224
   157  01FF5A  DE                 	db	222
   158  01FF5B  DC                 	db	220
   159  01FF5C  DA                 	db	218
   160  01FF5D  D7                 	db	215
   161  01FF5E  D5                 	db	213
   162  01FF5F  D3                 	db	211
   163  01FF60  D0                 	db	208
   164  01FF61  CE                 	db	206
   165  01FF62  CB                 	db	203
   166  01FF63  C9                 	db	201
   167  01FF64  C6                 	db	198
   168  01FF65  C4                 	db	196
   169  01FF66  C1                 	db	193
   170  01FF67  BE                 	db	190
   171  01FF68  BC                 	db	188
   172  01FF69  B9                 	db	185
   173  01FF6A  B6                 	db	182
   174  01FF6B  B3                 	db	179
   175  01FF6C  B0                 	db	176
   176  01FF6D  AD                 	db	173
   177  01FF6E  AA                 	db	170
   178  01FF6F  A7                 	db	167
   179  01FF70  A5                 	db	165
   180  01FF71  A2                 	db	162
   181  01FF72  9E                 	db	158
   182  01FF73  9B                 	db	155
   183  01FF74  98                 	db	152
   184  01FF75  95                 	db	149
   185  01FF76  92                 	db	146
   186  01FF77  8F                 	db	143
   187  01FF78  8C                 	db	140
   188  01FF79  89                 	db	137
   189  01FF7A  86                 	db	134
   190  01FF7B  83                 	db	131
   191  01FF7C  80                 	db	128
   192  01FF7D  7C                 	db	124
   193  01FF7E  79                 	db	121
   194  01FF7F  76                 	db	118
   195  01FF80  73                 	db	115
   196  01FF81  70                 	db	112
   197  01FF82  6D                 	db	109
   198  01FF83  6A                 	db	106
   199  01FF84  67                 	db	103
   200  01FF85  64                 	db	100
   201  01FF86  61                 	db	97
   202  01FF87  5D                 	db	93
   203  01FF88  5A                 	db	90
   204  01FF89  58                 	db	88
   205  01FF8A  55                 	db	85
   206  01FF8B  52                 	db	82
   207  01FF8C  4F                 	db	79
   208  01FF8D  4C                 	db	76
   209  01FF8E  49                 	db	73
   210  01FF8F  46                 	db	70
   211  01FF90  43                 	db	67
   212  01FF91  41                 	db	65
   213  01FF92  3E                 	db	62
   214  01FF93  3B                 	db	59
   215  01FF94  39                 	db	57
   216  01FF95  36                 	db	54
   217  01FF96  34                 	db	52
   218  01FF97  31                 	db	49
   219  01FF98  2F                 	db	47
   220  01FF99  2C                 	db	44
   221  01FF9A  2A                 	db	42
   222  01FF9B  28                 	db	40
   223  01FF9C  25                 	db	37
   224  01FF9D  23                 	db	35
   225  01FF9E  21                 	db	33
   226  01FF9F  1F                 	db	31
   227  01FFA0  1D                 	db	29
   228  01FFA1  1B                 	db	27
   229  01FFA2  19                 	db	25
   230  01FFA3  17                 	db	23
   231  01FFA4  15                 	db	21
   232  01FFA5  14                 	db	20
   233  01FFA6  12                 	db	18
   234  01FFA7  11                 	db	17
   235  01FFA8  0F                 	db	15
   236  01FFA9  0E                 	db	14
   237  01FFAA  0C                 	db	12
   238  01FFAB  0B                 	db	11
   239  01FFAC  0A                 	db	10
   240  01FFAD  09                 	db	9
   241  01FFAE  07                 	db	7
   242  01FFAF  06                 	db	6
   243  01FFB0  05                 	db	5
   244  01FFB1  05                 	db	5
   245  01FFB2  04                 	db	4
   246  01FFB3  03                 	db	3
   247  01FFB4  02                 	db	2
   248  01FFB5  02                 	db	2
   249  01FFB6  01                 	db	1
   250  01FFB7  01                 	db	1
   251  01FFB8  01                 	db	1
   252  01FFB9  00                 	db	0
   253  01FFBA  00                 	db	0
   254  01FFBB  00                 	db	0
   255  01FFBC  00                 	db	0
   256  01FFBD  00                 	db	0
   257  01FFBE  00                 	db	0
   258  01FFBF  00                 	db	0
   259  01FFC0  01                 	db	1
   260  01FFC1  01                 	db	1
   261  01FFC2  01                 	db	1
   262  01FFC3  02                 	db	2
   263  01FFC4  02                 	db	2
   264  01FFC5  03                 	db	3
   265  01FFC6  04                 	db	4
   266  01FFC7  05                 	db	5
   267  01FFC8  05                 	db	5
   268  01FFC9  06                 	db	6
   269  01FFCA  07                 	db	7
   270  01FFCB  09                 	db	9
   271  01FFCC  0A                 	db	10
   272  01FFCD  0B                 	db	11
   273  01FFCE  0C                 	db	12
   274  01FFCF  0E                 	db	14
   275  01FFD0  0F                 	db	15
   276  01FFD1  11                 	db	17
   277  01FFD2  12                 	db	18
   278  01FFD3  14                 	db	20
   279  01FFD4  15                 	db	21
   280  01FFD5  17                 	db	23
   281  01FFD6  19                 	db	25
   282  01FFD7  1B                 	db	27
   283  01FFD8  1D                 	db	29
   284  01FFD9  1F                 	db	31
   285  01FFDA  21                 	db	33
   286  01FFDB  23                 	db	35
   287  01FFDC  25                 	db	37
   288  01FFDD  28                 	db	40
   289  01FFDE  2A                 	db	42
   290  01FFDF  2C                 	db	44
   291  01FFE0  2F                 	db	47
   292  01FFE1  31                 	db	49
   293  01FFE2  34                 	db	52
   294  01FFE3  36                 	db	54
   295  01FFE4  39                 	db	57
   296  01FFE5  3B                 	db	59
   297  01FFE6  3E                 	db	62
   298  01FFE7  41                 	db	65
   299  01FFE8  43                 	db	67
   300  01FFE9  46                 	db	70
   301  01FFEA  49                 	db	73
   302  01FFEB  4C                 	db	76
   303  01FFEC  4F                 	db	79
   304  01FFED  52                 	db	82
   305  01FFEE  55                 	db	85
   306  01FFEF  58                 	db	88
   307  01FFF0  5A                 	db	90
   308  01FFF1  5D                 	db	93
   309  01FFF2  61                 	db	97
   310  01FFF3  64                 	db	100
   311  01FFF4  67                 	db	103
   312  01FFF5  6A                 	db	106
   313  01FFF6  6D                 	db	109
   314  01FFF7  70                 	db	112
   315  01FFF8  73                 	db	115
   316  01FFF9  76                 	db	118
   317  01FFFA  79                 	db	121
   318  01FFFB  7C                 	db	124
   319  0000                     _DAC1DATL	set	125
   320  0000                     _DAC1CON	set	127
   321  0000                     _TMR0H	set	793
   322  0000                     _TMR0L	set	792
   323  0000                     _T0CON1	set	795
   324  0000                     _T0CON0	set	794
   325  0000                     _ANSELA	set	1024
   326  0000                     _PIR3	set	1201
   327  0000                     _PIR3bits	set	1201
   328  0000                     _TRISA	set	1222
   329                           
   330                           ; #config settings
   331                           
   332                           	psect	cinit
   333  01FE8E                     __pcinit:
   334                           	callstack 0
   335  01FE8E                     start_initialization:
   336                           	callstack 0
   337  01FE8E                     __initialization:
   338                           	callstack 0
   339                           
   340                           ; Initialize objects allocated to BANK6 (256 bytes)
   341                           ; load TBLPTR registers with __pidataBANK6
   342  01FE8E  0EFC               	movlw	low __pidataBANK6
   343  01FE90  6EF6               	movwf	tblptrl,c
   344  01FE92  0EFE               	movlw	high __pidataBANK6
   345  01FE94  6EF7               	movwf	tblptrh,c
   346  01FE96  0E01               	movlw	low (__pidataBANK6 shr (0+16))
   347  01FE98  6EF8               	movwf	tblptru,c
   348  01FE9A  EE01  F200         	lfsr	0,__pdataBANK6
   349  01FE9E  EE10 F100          	lfsr	1,256
   350  01FEA2                     copy_data0:
   351  01FEA2  0009               	tblrd		*+
   352  01FEA4  C4F5 F4EE          	movff	tablat,postinc0
   353  01FEA8  50E5               	movf	postdec1,w,c
   354  01FEAA  50E1               	movf	fsr1l,w,c
   355  01FEAC  E1FA               	bnz	copy_data0
   356  01FEAE  50E2               	movf	fsr1h,w,c
   357  01FEB0  E1F8               	bnz	copy_data0
   358                           
   359                           ; Clear objects allocated to COMRAM (14 bytes)
   360  01FEB2  EE01  F101         	lfsr	0,__pbssCOMRAM
   361  01FEB6  0E0E               	movlw	14
   362  01FEB8                     clear_0:
   363  01FEB8  6AEE               	clrf	postinc0,c
   364  01FEBA  06E8               	decf	wreg,f,c
   365  01FEBC  E1FD               	bnz	clear_0
   366  01FEBE                     end_of_initialization:
   367                           	callstack 0
   368  01FEBE                     __end_of__initialization:
   369                           	callstack 0
   370  01FEBE  0100               	movlb	0
   371  01FEC0  EF62  F0FF         	goto	_main	;jump to C main() function
   372                           
   373                           	psect	bssCOMRAM
   374  000501                     __pbssCOMRAM:
   375                           	callstack 0
   376  000501                     _G_u32SystemFlags:
   377                           	callstack 0
   378  000501                     	ds	4
   379  000505                     _G_u32SystemTime1s:
   380                           	callstack 0
   381  000505                     	ds	4
   382  000509                     _G_u32SystemTime1ms:
   383                           	callstack 0
   384  000509                     	ds	4
   385  00050D                     UserAppRun@u8Index:
   386                           	callstack 0
   387  00050D                     	ds	1
   388  00050E                     _G_u8UserAppFlags:
   389                           	callstack 0
   390  00050E                     	ds	1
   391                           
   392                           	psect	dataBANK6
   393  000600                     __pdataBANK6:
   394                           	callstack 0
   395  000600                     _UserApp_au8sinTable:
   396                           	callstack 0
   397  000600                     	ds	256
   398                           
   399                           	psect	cstackCOMRAM
   400  00050F                     __pcstackCOMRAM:
   401                           	callstack 0
   402  00050F                     TimeXus@u16Microseconds:
   403                           	callstack 0
   404                           
   405                           ; 2 bytes @ 0x0
   406  00050F                     	ds	2
   407  000511                     TimeXus@u16timer:
   408                           	callstack 0
   409                           
   410                           ; 2 bytes @ 0x2
   411  000511                     	ds	2
   412  000513                     
   413                           ; 1 bytes @ 0x4
   414 ;;
   415 ;;Main: autosize = 0, tempsize = 0, incstack = 0, save=0
   416 ;;
   417 ;; *************** function _main *****************
   418 ;; Defined at:
   419 ;;		line 35 in file "main.c"
   420 ;; Parameters:    Size  Location     Type
   421 ;;		None
   422 ;; Auto vars:     Size  Location     Type
   423 ;;		None
   424 ;; Return value:  Size  Location     Type
   425 ;;                  1    wreg      void 
   426 ;; Registers used:
   427 ;;		wreg, fsr2l, fsr2h, status,2, status,0, cstack
   428 ;; Tracked objects:
   429 ;;		On entry : 0/0
   430 ;;		On exit  : 0/0
   431 ;;		Unchanged: 0/0
   432 ;; Data sizes:     COMRAM   BANK5   BANK6   BANK7   BANK8   BANK9  BANK10  BANK11  BANK12  BANK13  BANK14  BANK15  BANK1
      +6  BANK17  BANK18  BANK19  BANK20  BANK21  BANK22  BANK23  BANK24  BANK25  BANK26  BANK27  BANK28  BANK29  BANK30  BANK3
      +1  BANK32  BANK33  BANK34  BANK35  BANK36  BANK37
   433 ;;      Params:         0       0       0       0       0       0       0       0       0       0       0       0       
      +0       0       0       0       0       0       0       0       0       0       0       0       0       0       0       
      +0       0       0       0       0       0       0
   434 ;;      Locals:         0       0       0       0       0       0       0       0       0       0       0       0       
      +0       0       0       0       0       0       0       0       0       0       0       0       0       0       0       
      +0       0       0       0       0       0       0
   435 ;;      Temps:          0       0       0       0       0       0       0       0       0       0       0       0       
      +0       0       0       0       0       0       0       0       0       0       0       0       0       0       0       
      +0       0       0       0       0       0       0
   436 ;;      Totals:         0       0       0       0       0       0       0       0       0       0       0       0       
      +0       0       0       0       0       0       0       0       0       0       0       0       0       0       0       
      +0       0       0       0       0       0       0
   437 ;;Total ram usage:        0 bytes
   438 ;; Hardware stack levels required when called:    1
   439 ;; This function calls:
   440 ;;		_ClockSetup
   441 ;;		_GpioSetup
   442 ;;		_SysTickSetup
   443 ;;		_TimeXus
   444 ;;		_UserAppInitialize
   445 ;;		_UserAppRun
   446 ;; This function is called by:
   447 ;;		Startup code after reset
   448 ;; This function uses a non-reentrant model
   449 ;;
   450                           
   451                           	psect	text0
   452  01FEC4                     __ptext0:
   453                           	callstack 0
   454  01FEC4                     _main:
   455                           	callstack 127
   456  01FEC4                     
   457                           ;main.c: 37:   G_u32SystemFlags |= (u32)0x80000000;
   458  01FEC4  8E04               	bsf	(_G_u32SystemFlags+3)^(0+1280),7,c	;volatile
   459  01FEC6                     
   460                           ;main.c: 40:   ClockSetup();
   461  01FEC6  ECF9  F0FE         	call	_ClockSetup	;wreg free
   462  01FECA                     
   463                           ;main.c: 41:   SysTickSetup();
   464  01FECA  EC0B  F0FF         	call	_SysTickSetup	;wreg free
   465  01FECE                     
   466                           ;main.c: 42:   GpioSetup();
   467  01FECE  EC00  F0FF         	call	_GpioSetup	;wreg free
   468  01FED2                     
   469                           ;main.c: 47:   UserAppInitialize();
   470  01FED2  ECFA  F0FE         	call	_UserAppInitialize	;wreg free
   471  01FED6                     l823:
   472                           
   473                           ;main.c: 54:   {;main.c: 59:       UserAppRun();
   474  01FED6  EC2F  F0FF         	call	_UserAppRun	;wreg free
   475  01FEDA                     
   476                           ;main.c: 62:     TimeXus(12);
   477  01FEDA  0E00               	movlw	0
   478  01FEDC  6E10               	movwf	(TimeXus@u16Microseconds+1)^(0+1280),c
   479  01FEDE  0E0C               	movlw	12
   480  01FEE0  6E0F               	movwf	TimeXus@u16Microseconds^(0+1280),c
   481  01FEE2  EC1C  F0FF         	call	_TimeXus	;wreg free
   482  01FEE6                     l50:
   483  01FEE6  AEB1               	btfss	177,7,c	;volatile
   484  01FEE8  EF78  F0FF         	goto	u31
   485  01FEEC  EF7A  F0FF         	goto	u30
   486  01FEF0                     u31:
   487  01FEF0  EF73  F0FF         	goto	l50
   488  01FEF4                     u30:
   489  01FEF4  EF6B  F0FF         	goto	l823
   490  01FEF8  EFFE  F0FF         	goto	start
   491  01FEFC                     __end_of_main:
   492                           	callstack 0
   493                           
   494 ;; *************** function _UserAppRun *****************
   495 ;; Defined at:
   496 ;;		line 122 in file "user_app.c"
   497 ;; Parameters:    Size  Location     Type
   498 ;;		None
   499 ;; Auto vars:     Size  Location     Type
   500 ;;		None
   501 ;; Return value:  Size  Location     Type
   502 ;;                  1    wreg      void 
   503 ;; Registers used:
   504 ;;		wreg, fsr2l, fsr2h, status,2, status,0
   505 ;; Tracked objects:
   506 ;;		On entry : 0/0
   507 ;;		On exit  : 0/0
   508 ;;		Unchanged: 0/0
   509 ;; Data sizes:     COMRAM   BANK5   BANK6   BANK7   BANK8   BANK9  BANK10  BANK11  BANK12  BANK13  BANK14  BANK15  BANK1
      +6  BANK17  BANK18  BANK19  BANK20  BANK21  BANK22  BANK23  BANK24  BANK25  BANK26  BANK27  BANK28  BANK29  BANK30  BANK3
      +1  BANK32  BANK33  BANK34  BANK35  BANK36  BANK37
   510 ;;      Params:         0       0       0       0       0       0       0       0       0       0       0       0       
      +0       0       0       0       0       0       0       0       0       0       0       0       0       0       0       
      +0       0       0       0       0       0       0
   511 ;;      Locals:         0       0       0       0       0       0       0       0       0       0       0       0       
      +0       0       0       0       0       0       0       0       0       0       0       0       0       0       0       
      +0       0       0       0       0       0       0
   512 ;;      Temps:          0       0       0       0       0       0       0       0       0       0       0       0       
      +0       0       0       0       0       0       0       0       0       0       0       0       0       0       0       
      +0       0       0       0       0       0       0
   513 ;;      Totals:         0       0       0       0       0       0       0       0       0       0       0       0       
      +0       0       0       0       0       0       0       0       0       0       0       0       0       0       0       
      +0       0       0       0       0       0       0
   514 ;;Total ram usage:        0 bytes
   515 ;; Hardware stack levels used:    1
   516 ;; This function calls:
   517 ;;		Nothing
   518 ;; This function is called by:
   519 ;;		_main
   520 ;; This function uses a non-reentrant model
   521 ;;
   522                           
   523                           	psect	text1
   524  01FE5E                     __ptext1:
   525                           	callstack 0
   526  01FE5E                     _UserAppRun:
   527                           	callstack 127
   528  01FE5E                     
   529                           ;user_app.c: 154:     static u8 u8Index = 0x00;;user_app.c: 156:     DAC1DATL = UserApp_
      +                          au8sinTable[u8Index];
   530  01FE5E  0E00               	movlw	low _UserApp_au8sinTable
   531  01FE60  240D               	addwf	UserAppRun@u8Index^(0+1280),w,c
   532  01FE62  6ED9               	movwf	fsr2l,c
   533  01FE64  6ADA               	clrf	fsr2h,c
   534  01FE66  0E06               	movlw	high _UserApp_au8sinTable
   535  01FE68  22DA               	addwfc	fsr2h,f,c
   536  01FE6A  50DF               	movf	indf2,w,c
   537  01FE6C  0100               	movlb	0	; () banked
   538  01FE6E  6F7D               	movwf	125,b	;volatile
   539                           
   540                           ;user_app.c: 158:     while (u8Index < 0xff)
   541  01FE70  EF3C  F0FF         	goto	l79
   542  01FE74                     l769:
   543                           
   544                           ;user_app.c: 159:     {;user_app.c: 160:         u8Index+= 0x04;
   545  01FE74  0E04               	movlw	4
   546  01FE76  260D               	addwf	UserAppRun@u8Index^(0+1280),f,c
   547  01FE78                     l79:
   548                           
   549                           ;user_app.c: 158:     while (u8Index < 0xff)
   550  01FE78  280D               	incf	UserAppRun@u8Index^(0+1280),w,c
   551  01FE7A  A4D8               	btfss	status,2,c
   552  01FE7C  EF42  F0FF         	goto	u11
   553  01FE80  EF44  F0FF         	goto	u10
   554  01FE84                     u11:
   555  01FE84  EF3A  F0FF         	goto	l769
   556  01FE88                     u10:
   557  01FE88                     
   558                           ;user_app.c: 163:     u8Index = 0x00;
   559  01FE88  0E00               	movlw	0
   560  01FE8A  6E0D               	movwf	UserAppRun@u8Index^(0+1280),c
   561  01FE8C  0012               	return		;funcret
   562  01FE8E                     __end_of_UserAppRun:
   563                           	callstack 0
   564                           
   565 ;; *************** function _UserAppInitialize *****************
   566 ;; Defined at:
   567 ;;		line 96 in file "user_app.c"
   568 ;; Parameters:    Size  Location     Type
   569 ;;		None
   570 ;; Auto vars:     Size  Location     Type
   571 ;;		None
   572 ;; Return value:  Size  Location     Type
   573 ;;                  1    wreg      void 
   574 ;; Registers used:
   575 ;;		wreg, status,2
   576 ;; Tracked objects:
   577 ;;		On entry : 0/0
   578 ;;		On exit  : 0/0
   579 ;;		Unchanged: 0/0
   580 ;; Data sizes:     COMRAM   BANK5   BANK6   BANK7   BANK8   BANK9  BANK10  BANK11  BANK12  BANK13  BANK14  BANK15  BANK1
      +6  BANK17  BANK18  BANK19  BANK20  BANK21  BANK22  BANK23  BANK24  BANK25  BANK26  BANK27  BANK28  BANK29  BANK30  BANK3
      +1  BANK32  BANK33  BANK34  BANK35  BANK36  BANK37
   581 ;;      Params:         0       0       0       0       0       0       0       0       0       0       0       0       
      +0       0       0       0       0       0       0       0       0       0       0       0       0       0       0       
      +0       0       0       0       0       0       0
   582 ;;      Locals:         0       0       0       0       0       0       0       0       0       0       0       0       
      +0       0       0       0       0       0       0       0       0       0       0       0       0       0       0       
      +0       0       0       0       0       0       0
   583 ;;      Temps:          0       0       0       0       0       0       0       0       0       0       0       0       
      +0       0       0       0       0       0       0       0       0       0       0       0       0       0       0       
      +0       0       0       0       0       0       0
   584 ;;      Totals:         0       0       0       0       0       0       0       0       0       0       0       0       
      +0       0       0       0       0       0       0       0       0       0       0       0       0       0       0       
      +0       0       0       0       0       0       0
   585 ;;Total ram usage:        0 bytes
   586 ;; Hardware stack levels used:    1
   587 ;; This function calls:
   588 ;;		Nothing
   589 ;; This function is called by:
   590 ;;		_main
   591 ;; This function uses a non-reentrant model
   592 ;;
   593                           
   594                           	psect	text2
   595  01FDF4                     __ptext2:
   596                           	callstack 0
   597  01FDF4                     _UserAppInitialize:
   598                           	callstack 127
   599  01FDF4                     
   600                           ;user_app.c: 104:     T0CON0 = 0X90;
   601  01FDF4  0E90               	movlw	144
   602  01FDF6  0103               	movlb	3	; () banked
   603  01FDF8  6F1A               	movwf	26,b	;volatile
   604                           
   605                           ;user_app.c: 105:     T0CON1 = 0X54;
   606  01FDFA  0E54               	movlw	84
   607  01FDFC  6F1B               	movwf	27,b	;volatile
   608  01FDFE                     
   609                           ; BSR set to: 3
   610  01FDFE  0012               	return		;funcret
   611  01FE00                     __end_of_UserAppInitialize:
   612                           	callstack 0
   613                           
   614 ;; *************** function _TimeXus *****************
   615 ;; Defined at:
   616 ;;		line 184 in file "user_app.c"
   617 ;; Parameters:    Size  Location     Type
   618 ;;  u16Microseco    2    0[COMRAM] unsigned short 
   619 ;; Auto vars:     Size  Location     Type
   620 ;;  u16timer        2    2[COMRAM] unsigned short 
   621 ;; Return value:  Size  Location     Type
   622 ;;                  1    wreg      void 
   623 ;; Registers used:
   624 ;;		wreg, status,2, status,0
   625 ;; Tracked objects:
   626 ;;		On entry : 0/0
   627 ;;		On exit  : 0/0
   628 ;;		Unchanged: 0/0
   629 ;; Data sizes:     COMRAM   BANK5   BANK6   BANK7   BANK8   BANK9  BANK10  BANK11  BANK12  BANK13  BANK14  BANK15  BANK1
      +6  BANK17  BANK18  BANK19  BANK20  BANK21  BANK22  BANK23  BANK24  BANK25  BANK26  BANK27  BANK28  BANK29  BANK30  BANK3
      +1  BANK32  BANK33  BANK34  BANK35  BANK36  BANK37
   630 ;;      Params:         2       0       0       0       0       0       0       0       0       0       0       0       
      +0       0       0       0       0       0       0       0       0       0       0       0       0       0       0       
      +0       0       0       0       0       0       0
   631 ;;      Locals:         2       0       0       0       0       0       0       0       0       0       0       0       
      +0       0       0       0       0       0       0       0       0       0       0       0       0       0       0       
      +0       0       0       0       0       0       0
   632 ;;      Temps:          0       0       0       0       0       0       0       0       0       0       0       0       
      +0       0       0       0       0       0       0       0       0       0       0       0       0       0       0       
      +0       0       0       0       0       0       0
   633 ;;      Totals:         4       0       0       0       0       0       0       0       0       0       0       0       
      +0       0       0       0       0       0       0       0       0       0       0       0       0       0       0       
      +0       0       0       0       0       0       0
   634 ;;Total ram usage:        4 bytes
   635 ;; Hardware stack levels used:    1
   636 ;; This function calls:
   637 ;;		Nothing
   638 ;; This function is called by:
   639 ;;		_main
   640 ;; This function uses a non-reentrant model
   641 ;;
   642                           
   643                           	psect	text3
   644  01FE38                     __ptext3:
   645                           	callstack 0
   646  01FE38                     _TimeXus:
   647                           	callstack 127
   648  01FE38                     
   649                           ;user_app.c: 184: void TimeXus(u16 u16Microseconds);user_app.c: 185: {;user_app.c: 188: 
      +                            T0CON0 &= 0x7F;
   650  01FE38  0103               	movlb	3	; () banked
   651  01FE3A  9F1A               	bcf	26,7,b	;volatile
   652  01FE3C                     
   653                           ; BSR set to: 3
   654                           ;user_app.c: 189:   u16 u16timer = 0x00FF - u16Microseconds;
   655  01FE3C  500F               	movf	TimeXus@u16Microseconds^(0+1280),w,c
   656  01FE3E  08FF               	sublw	255
   657  01FE40  6E11               	movwf	TimeXus@u16timer^(0+1280),c
   658  01FE42  5010               	movf	(TimeXus@u16Microseconds+1)^(0+1280),w,c
   659  01FE44  A0D8               	btfss	status,0,c
   660  01FE46  2AE8               	incf	wreg,f,c
   661  01FE48  0800               	sublw	0
   662  01FE4A  6E12               	movwf	(TimeXus@u16timer+1)^(0+1280),c
   663  01FE4C                     
   664                           ; BSR set to: 3
   665                           ;user_app.c: 193:   TMR0L = (u8) ((u16timer >> 8) & 0x00FF);
   666  01FE4C  5012               	movf	(TimeXus@u16timer+1)^(0+1280),w,c
   667  01FE4E  6F18               	movwf	24,b	;volatile
   668  01FE50                     
   669                           ; BSR set to: 3
   670                           ;user_app.c: 194:   TMR0H = (u8) (u16timer & 0x00FF);
   671  01FE50  0061  F444  F319   	movff	TimeXus@u16timer,793	;volatile
   672  01FE56                     
   673                           ; BSR set to: 3
   674                           ;user_app.c: 197:   PIR3 = 0x7F;
   675  01FE56  0E7F               	movlw	127
   676  01FE58  6EB1               	movwf	177,c	;volatile
   677  01FE5A                     
   678                           ; BSR set to: 3
   679                           ;user_app.c: 198:   T0CON0 |= 0x80;
   680  01FE5A  8F1A               	bsf	26,7,b	;volatile
   681  01FE5C                     
   682                           ; BSR set to: 3
   683  01FE5C  0012               	return		;funcret
   684  01FE5E                     __end_of_TimeXus:
   685                           	callstack 0
   686                           
   687 ;; *************** function _SysTickSetup *****************
   688 ;; Defined at:
   689 ;;		line 116 in file "encm369_pic18.c"
   690 ;; Parameters:    Size  Location     Type
   691 ;;		None
   692 ;; Auto vars:     Size  Location     Type
   693 ;;		None
   694 ;; Return value:  Size  Location     Type
   695 ;;                  1    wreg      void 
   696 ;; Registers used:
   697 ;;		wreg, status,2
   698 ;; Tracked objects:
   699 ;;		On entry : 0/0
   700 ;;		On exit  : 0/0
   701 ;;		Unchanged: 0/0
   702 ;; Data sizes:     COMRAM   BANK5   BANK6   BANK7   BANK8   BANK9  BANK10  BANK11  BANK12  BANK13  BANK14  BANK15  BANK1
      +6  BANK17  BANK18  BANK19  BANK20  BANK21  BANK22  BANK23  BANK24  BANK25  BANK26  BANK27  BANK28  BANK29  BANK30  BANK3
      +1  BANK32  BANK33  BANK34  BANK35  BANK36  BANK37
   703 ;;      Params:         0       0       0       0       0       0       0       0       0       0       0       0       
      +0       0       0       0       0       0       0       0       0       0       0       0       0       0       0       
      +0       0       0       0       0       0       0
   704 ;;      Locals:         0       0       0       0       0       0       0       0       0       0       0       0       
      +0       0       0       0       0       0       0       0       0       0       0       0       0       0       0       
      +0       0       0       0       0       0       0
   705 ;;      Temps:          0       0       0       0       0       0       0       0       0       0       0       0       
      +0       0       0       0       0       0       0       0       0       0       0       0       0       0       0       
      +0       0       0       0       0       0       0
   706 ;;      Totals:         0       0       0       0       0       0       0       0       0       0       0       0       
      +0       0       0       0       0       0       0       0       0       0       0       0       0       0       0       
      +0       0       0       0       0       0       0
   707 ;;Total ram usage:        0 bytes
   708 ;; Hardware stack levels used:    1
   709 ;; This function calls:
   710 ;;		Nothing
   711 ;; This function is called by:
   712 ;;		_main
   713 ;; This function uses a non-reentrant model
   714 ;;
   715                           
   716                           	psect	text4
   717  01FE16                     __ptext4:
   718                           	callstack 0
   719  01FE16                     _SysTickSetup:
   720                           	callstack 127
   721  01FE16                     
   722                           ;encm369_pic18.c: 118:   G_u32SystemTime1ms = 0;
   723  01FE16  0E00               	movlw	0
   724  01FE18  6E09               	movwf	_G_u32SystemTime1ms^(0+1280),c	;volatile
   725  01FE1A  0E00               	movlw	0
   726  01FE1C  6E0A               	movwf	(_G_u32SystemTime1ms+1)^(0+1280),c	;volatile
   727  01FE1E  0E00               	movlw	0
   728  01FE20  6E0B               	movwf	(_G_u32SystemTime1ms+2)^(0+1280),c	;volatile
   729  01FE22  0E00               	movlw	0
   730  01FE24  6E0C               	movwf	(_G_u32SystemTime1ms+3)^(0+1280),c	;volatile
   731                           
   732                           ;encm369_pic18.c: 119:   G_u32SystemTime1s = 0;
   733  01FE26  0E00               	movlw	0
   734  01FE28  6E05               	movwf	_G_u32SystemTime1s^(0+1280),c	;volatile
   735  01FE2A  0E00               	movlw	0
   736  01FE2C  6E06               	movwf	(_G_u32SystemTime1s+1)^(0+1280),c	;volatile
   737  01FE2E  0E00               	movlw	0
   738  01FE30  6E07               	movwf	(_G_u32SystemTime1s+2)^(0+1280),c	;volatile
   739  01FE32  0E00               	movlw	0
   740  01FE34  6E08               	movwf	(_G_u32SystemTime1s+3)^(0+1280),c	;volatile
   741  01FE36  0012               	return		;funcret
   742  01FE38                     __end_of_SysTickSetup:
   743                           	callstack 0
   744                           
   745 ;; *************** function _GpioSetup *****************
   746 ;; Defined at:
   747 ;;		line 89 in file "encm369_pic18.c"
   748 ;; Parameters:    Size  Location     Type
   749 ;;		None
   750 ;; Auto vars:     Size  Location     Type
   751 ;;		None
   752 ;; Return value:  Size  Location     Type
   753 ;;                  1    wreg      void 
   754 ;; Registers used:
   755 ;;		wreg, status,2
   756 ;; Tracked objects:
   757 ;;		On entry : 0/0
   758 ;;		On exit  : 0/0
   759 ;;		Unchanged: 0/0
   760 ;; Data sizes:     COMRAM   BANK5   BANK6   BANK7   BANK8   BANK9  BANK10  BANK11  BANK12  BANK13  BANK14  BANK15  BANK1
      +6  BANK17  BANK18  BANK19  BANK20  BANK21  BANK22  BANK23  BANK24  BANK25  BANK26  BANK27  BANK28  BANK29  BANK30  BANK3
      +1  BANK32  BANK33  BANK34  BANK35  BANK36  BANK37
   761 ;;      Params:         0       0       0       0       0       0       0       0       0       0       0       0       
      +0       0       0       0       0       0       0       0       0       0       0       0       0       0       0       
      +0       0       0       0       0       0       0
   762 ;;      Locals:         0       0       0       0       0       0       0       0       0       0       0       0       
      +0       0       0       0       0       0       0       0       0       0       0       0       0       0       0       
      +0       0       0       0       0       0       0
   763 ;;      Temps:          0       0       0       0       0       0       0       0       0       0       0       0       
      +0       0       0       0       0       0       0       0       0       0       0       0       0       0       0       
      +0       0       0       0       0       0       0
   764 ;;      Totals:         0       0       0       0       0       0       0       0       0       0       0       0       
      +0       0       0       0       0       0       0       0       0       0       0       0       0       0       0       
      +0       0       0       0       0       0       0
   765 ;;Total ram usage:        0 bytes
   766 ;; Hardware stack levels used:    1
   767 ;; This function calls:
   768 ;;		Nothing
   769 ;; This function is called by:
   770 ;;		_main
   771 ;; This function uses a non-reentrant model
   772 ;;
   773                           
   774                           	psect	text5
   775  01FE00                     __ptext5:
   776                           	callstack 0
   777  01FE00                     _GpioSetup:
   778                           	callstack 127
   779  01FE00                     
   780                           ;encm369_pic18.c: 93:     ANSELA = 0x00;
   781  01FE00  0E00               	movlw	0
   782  01FE02  0104               	movlb	4	; () banked
   783  01FE04  6F00               	movwf	0,b	;volatile
   784                           
   785                           ;encm369_pic18.c: 94:     TRISA = 0x00;
   786  01FE06  0E00               	movlw	0
   787  01FE08  6EC6               	movwf	198,c	;volatile
   788                           
   789                           ;encm369_pic18.c: 98:     DAC1CON = 0xA0;
   790  01FE0A  0EA0               	movlw	160
   791  01FE0C  0100               	movlb	0	; () banked
   792  01FE0E  6F7F               	movwf	127,b	;volatile
   793                           
   794                           ;encm369_pic18.c: 99:     DAC1DATL = 0x00;
   795  01FE10  0E00               	movlw	0
   796  01FE12  6F7D               	movwf	125,b	;volatile
   797  01FE14                     
   798                           ; BSR set to: 0
   799  01FE14  0012               	return		;funcret
   800  01FE16                     __end_of_GpioSetup:
   801                           	callstack 0
   802                           
   803 ;; *************** function _ClockSetup *****************
   804 ;; Defined at:
   805 ;;		line 70 in file "encm369_pic18.c"
   806 ;; Parameters:    Size  Location     Type
   807 ;;		None
   808 ;; Auto vars:     Size  Location     Type
   809 ;;		None
   810 ;; Return value:  Size  Location     Type
   811 ;;                  1    wreg      void 
   812 ;; Registers used:
   813 ;;		None
   814 ;; Tracked objects:
   815 ;;		On entry : 0/0
   816 ;;		On exit  : 0/0
   817 ;;		Unchanged: 0/0
   818 ;; Data sizes:     COMRAM   BANK5   BANK6   BANK7   BANK8   BANK9  BANK10  BANK11  BANK12  BANK13  BANK14  BANK15  BANK1
      +6  BANK17  BANK18  BANK19  BANK20  BANK21  BANK22  BANK23  BANK24  BANK25  BANK26  BANK27  BANK28  BANK29  BANK30  BANK3
      +1  BANK32  BANK33  BANK34  BANK35  BANK36  BANK37
   819 ;;      Params:         0       0       0       0       0       0       0       0       0       0       0       0       
      +0       0       0       0       0       0       0       0       0       0       0       0       0       0       0       
      +0       0       0       0       0       0       0
   820 ;;      Locals:         0       0       0       0       0       0       0       0       0       0       0       0       
      +0       0       0       0       0       0       0       0       0       0       0       0       0       0       0       
      +0       0       0       0       0       0       0
   821 ;;      Temps:          0       0       0       0       0       0       0       0       0       0       0       0       
      +0       0       0       0       0       0       0       0       0       0       0       0       0       0       0       
      +0       0       0       0       0       0       0
   822 ;;      Totals:         0       0       0       0       0       0       0       0       0       0       0       0       
      +0       0       0       0       0       0       0       0       0       0       0       0       0       0       0       
      +0       0       0       0       0       0       0
   823 ;;Total ram usage:        0 bytes
   824 ;; Hardware stack levels used:    1
   825 ;; This function calls:
   826 ;;		Nothing
   827 ;; This function is called by:
   828 ;;		_main
   829 ;; This function uses a non-reentrant model
   830 ;;
   831                           
   832                           	psect	text6
   833  01FDF2                     __ptext6:
   834                           	callstack 0
   835  01FDF2                     _ClockSetup:
   836                           	callstack 127
   837  01FDF2  0012               	return		;funcret
   838  01FDF4                     __end_of_ClockSetup:
   839                           	callstack 0
   840  0000                     
   841                           	psect	rparam
   842  0000                     
   843                           	psect	idloc
   844                           
   845                           ;Config register IDLOC0 @ 0x200000
   846                           ;	unspecified, using default values
   847  200000                     	org	2097152
   848  200000  0FFF               	dw	4095
   849                           
   850                           ;Config register IDLOC1 @ 0x200002
   851                           ;	unspecified, using default values
   852  200002                     	org	2097154
   853  200002  0FFF               	dw	4095
   854                           
   855                           ;Config register IDLOC2 @ 0x200004
   856                           ;	unspecified, using default values
   857  200004                     	org	2097156
   858  200004  0FFF               	dw	4095
   859                           
   860                           ;Config register IDLOC3 @ 0x200006
   861                           ;	unspecified, using default values
   862  200006                     	org	2097158
   863  200006  0FFF               	dw	4095
   864                           
   865                           ;Config register IDLOC4 @ 0x200008
   866                           ;	unspecified, using default values
   867  200008                     	org	2097160
   868  200008  0FFF               	dw	4095
   869                           
   870                           ;Config register IDLOC5 @ 0x20000A
   871                           ;	unspecified, using default values
   872  20000A                     	org	2097162
   873  20000A  0FFF               	dw	4095
   874                           
   875                           ;Config register IDLOC6 @ 0x20000C
   876                           ;	unspecified, using default values
   877  20000C                     	org	2097164
   878  20000C  0FFF               	dw	4095
   879                           
   880                           ;Config register IDLOC7 @ 0x20000E
   881                           ;	unspecified, using default values
   882  20000E                     	org	2097166
   883  20000E  0FFF               	dw	4095
   884                           
   885                           ;Config register IDLOC8 @ 0x200010
   886                           ;	unspecified, using default values
   887  200010                     	org	2097168
   888  200010  0FFF               	dw	4095
   889                           
   890                           ;Config register IDLOC9 @ 0x200012
   891                           ;	unspecified, using default values
   892  200012                     	org	2097170
   893  200012  0FFF               	dw	4095
   894                           
   895                           ;Config register IDLOC10 @ 0x200014
   896                           ;	unspecified, using default values
   897  200014                     	org	2097172
   898  200014  0FFF               	dw	4095
   899                           
   900                           ;Config register IDLOC11 @ 0x200016
   901                           ;	unspecified, using default values
   902  200016                     	org	2097174
   903  200016  0FFF               	dw	4095
   904                           
   905                           ;Config register IDLOC12 @ 0x200018
   906                           ;	unspecified, using default values
   907  200018                     	org	2097176
   908  200018  0FFF               	dw	4095
   909                           
   910                           ;Config register IDLOC13 @ 0x20001A
   911                           ;	unspecified, using default values
   912  20001A                     	org	2097178
   913  20001A  0FFF               	dw	4095
   914                           
   915                           ;Config register IDLOC14 @ 0x20001C
   916                           ;	unspecified, using default values
   917  20001C                     	org	2097180
   918  20001C  0FFF               	dw	4095
   919                           
   920                           ;Config register IDLOC15 @ 0x20001E
   921                           ;	unspecified, using default values
   922  20001E                     	org	2097182
   923  20001E  0FFF               	dw	4095
   924                           
   925                           	psect	config
   926                           
   927                           ;Config register CONFIG1 @ 0x300000
   928                           ;	External Oscillator Selection
   929                           ;	FEXTOSC = OFF, Oscillator not enabled
   930                           ;	Reset Oscillator Selection
   931                           ;	RSTOSC = HFINTOSC_64MHZ, HFINTOSC with HFFRQ = 64 MHz and CDIV = 1:1
   932  300000                     	org	3145728
   933  300000  8C                 	db	140
   934                           
   935                           ;Config register CONFIG2 @ 0x300001
   936                           ;	Clock out Enable bit
   937                           ;	CLKOUTEN = ON, CLKOUT function is enabled
   938                           ;	PRLOCKED One-Way Set Enable bit
   939                           ;	PR1WAY = ON, PRLOCKED bit can be cleared and set only once
   940                           ;	Clock Switch Enable bit
   941                           ;	CSWEN = ON, Writing to NOSC and NDIV is allowed
   942                           ;	Fail-Safe Clock Monitor Enable bit
   943                           ;	FCMEN = ON, Fail-Safe Clock Monitor enabled
   944  300001                     	org	3145729
   945  300001  FE                 	db	254
   946                           
   947                           ;Config register CONFIG3 @ 0x300002
   948                           ;	MCLR Enable bit
   949                           ;	MCLRE = EXTMCLR, If LVP = 0, MCLR pin is MCLR; If LVP = 1, RE3 pin function is MCLR
   950                           ;	Power-up timer selection bits
   951                           ;	PWRTS = PWRT_OFF, PWRT is disabled
   952                           ;	Multi-vector enable bit
   953                           ;	MVECEN = ON, Multi-vector enabled, Vector table used for interrupts
   954                           ;	IVTLOCK bit One-way set enable bit
   955                           ;	IVT1WAY = ON, IVTLOCKED bit can be cleared and set only once
   956                           ;	Low Power BOR Enable bit
   957                           ;	LPBOREN = OFF, Low-Power BOR disabled
   958                           ;	Brown-out Reset Enable bits
   959                           ;	BOREN = SBORDIS, Brown-out Reset enabled , SBOREN bit is ignored
   960  300002                     	org	3145730
   961  300002  FF                 	db	255
   962                           
   963                           ;Config register CONFIG4 @ 0x300003
   964                           ;	Brown-out Reset Voltage Selection bits
   965                           ;	BORV = VBOR_2P85, Brown-out Reset Voltage (VBOR) set to 2.8V
   966                           ;	ZCD Disable bit
   967                           ;	ZCD = OFF, ZCD module is disabled. ZCD can be enabled by setting the ZCDSEN bit of ZCD
      +                          CON
   968                           ;	PPSLOCK bit One-Way Set Enable bit
   969                           ;	PPS1WAY = ON, PPSLOCKED bit can be cleared and set only once; PPS registers remain loc
      +                          ked after one clear/set cycle
   970                           ;	Stack Full/Underflow Reset Enable bit
   971                           ;	STVREN = ON, Stack full/underflow will cause Reset
   972                           ;	Low Voltage Programming Enable bit
   973                           ;	LVP = ON, Low voltage programming enabled. MCLR/VPP pin function is MCLR. MCLRE config
      +                          uration bit is ignored
   974                           ;	Extended Instruction Set Enable bit
   975                           ;	XINST = OFF, Extended Instruction Set and Indexed Addressing Mode disabled
   976  300003                     	org	3145731
   977  300003  FC                 	db	252
   978                           
   979                           ;Config register CONFIG5 @ 0x300004
   980                           ;	WDT Period selection bits
   981                           ;	WDTCPS = WDTCPS_31, Divider ratio 1:65536; software control of WDTPS
   982                           ;	WDT operating mode
   983                           ;	WDTE = OFF, WDT Disabled; SWDTEN is ignored
   984  300004                     	org	3145732
   985  300004  9F                 	db	159
   986                           
   987                           ;Config register CONFIG6 @ 0x300005
   988                           ;	WDT Window Select bits
   989                           ;	WDTCWS = WDTCWS_7, window always open (100%); software control; keyed access not requi
      +                          red
   990                           ;	WDT input clock selector
   991                           ;	WDTCCS = SC, Software Control
   992  300005                     	org	3145733
   993  300005  FF                 	db	255
   994                           
   995                           ;Config register CONFIG7 @ 0x300006
   996                           ;	Boot Block Size selection bits
   997                           ;	BBSIZE = BBSIZE_512, Boot Block size is 512 words
   998                           ;	Boot Block enable bit
   999                           ;	BBEN = OFF, Boot block disabled
  1000                           ;	Storage Area Flash enable bit
  1001                           ;	SAFEN = OFF, SAF disabled
  1002                           ;	Background Debugger
  1003                           ;	DEBUG = OFF, Background Debugger disabled
  1004  300006                     	org	3145734
  1005  300006  FF                 	db	255
  1006                           
  1007                           ;Config register CONFIG8 @ 0x300007
  1008                           ;	Boot Block Write Protection bit
  1009                           ;	WRTB = OFF, Boot Block not Write protected
  1010                           ;	Configuration Register Write Protection bit
  1011                           ;	WRTC = OFF, Configuration registers not Write protected
  1012                           ;	Data EEPROM Write Protection bit
  1013                           ;	WRTD = OFF, Data EEPROM not Write protected
  1014                           ;	SAF Write protection bit
  1015                           ;	WRTSAF = OFF, SAF not Write Protected
  1016                           ;	Application Block write protection bit
  1017                           ;	WRTAPP = OFF, Application Block not write protected
  1018  300007                     	org	3145735
  1019  300007  FF                 	db	255
  1020                           
  1021                           ; Padding undefined space
  1022  300008                     	org	3145736
  1023  300008  FF                 	db	255
  1024                           
  1025                           ;Config register CONFIG10 @ 0x300009
  1026                           ;	PFM and Data EEPROM Code Protection bit
  1027                           ;	CP = OFF, PFM and Data EEPROM code protection disabled
  1028  300009                     	org	3145737
  1029  300009  FF                 	db	255
  1030                           tosu	equ	0x4FF
  1031                           tosh	equ	0x4FE
  1032                           tosl	equ	0x4FD
  1033                           stkptr	equ	0x4FC
  1034                           pclatu	equ	0x4FB
  1035                           pclath	equ	0x4FA
  1036                           pcl	equ	0x4F9
  1037                           tblptru	equ	0x4F8
  1038                           tblptrh	equ	0x4F7
  1039                           tblptrl	equ	0x4F6
  1040                           tablat	equ	0x4F5
  1041                           prodh	equ	0x4F4
  1042                           prodl	equ	0x4F3
  1043                           indf0	equ	0x4EF
  1044                           postinc0	equ	0x4EE
  1045                           postdec0	equ	0x4ED
  1046                           preinc0	equ	0x4EC
  1047                           plusw0	equ	0x4EB
  1048                           fsr0h	equ	0x4EA
  1049                           fsr0l	equ	0x4E9
  1050                           wreg	equ	0x4E8
  1051                           indf1	equ	0x4E7
  1052                           postinc1	equ	0x4E6
  1053                           postdec1	equ	0x4E5
  1054                           preinc1	equ	0x4E4
  1055                           plusw1	equ	0x4E3
  1056                           fsr1h	equ	0x4E2
  1057                           fsr1l	equ	0x4E1
  1058                           bsr	equ	0x4E0
  1059                           indf2	equ	0x4DF
  1060                           postinc2	equ	0x4DE
  1061                           postdec2	equ	0x4DD
  1062                           preinc2	equ	0x4DC
  1063                           plusw2	equ	0x4DB
  1064                           fsr2h	equ	0x4DA
  1065                           fsr2l	equ	0x4D9
  1066                           status	equ	0x4D8

Data Sizes:
    Strings     0
    Constant    0
    Data        256
    BSS         14
    Persistent  0
    Stack       0

Auto Spaces:
    Space          Size  Autos    Used
    COMRAM           95      4      18
    BANK5           160      0       0
    BANK6           256      0     256
    BANK7           256      0       0
    BANK8           256      0       0
    BANK9           256      0       0
    BANK10          256      0       0
    BANK11          256      0       0
    BANK12          256      0       0
    BANK13          256      0       0
    BANK14          256      0       0
    BANK15          256      0       0
    BANK16          256      0       0
    BANK17          256      0       0
    BANK18          256      0       0
    BANK19          256      0       0
    BANK20          256      0       0
    BANK21          256      0       0
    BANK22          256      0       0
    BANK23          256      0       0
    BANK24          256      0       0
    BANK25          256      0       0
    BANK26          256      0       0
    BANK27          256      0       0
    BANK28          256      0       0
    BANK29          256      0       0
    BANK30          256      0       0
    BANK31          256      0       0
    BANK32          256      0       0
    BANK33          256      0       0
    BANK34          256      0       0
    BANK35          256      0       0
    BANK36          256      0       0
    BANK37          256      0       0

Pointer List with Targets:

    None.

Critical Paths under _main in COMRAM

    _main->_TimeXus

Critical Paths under _main in BANK5

    None.

Critical Paths under _main in BANK6

    None.

Critical Paths under _main in BANK7

    None.

Critical Paths under _main in BANK8

    None.

Critical Paths under _main in BANK9

    None.

Critical Paths under _main in BANK10

    None.

Critical Paths under _main in BANK11

    None.

Critical Paths under _main in BANK12

    None.

Critical Paths under _main in BANK13

    None.

Critical Paths under _main in BANK14

    None.

Critical Paths under _main in BANK15

    None.

Critical Paths under _main in BANK16

    None.

Critical Paths under _main in BANK17

    None.

Critical Paths under _main in BANK18

    None.

Critical Paths under _main in BANK19

    None.

Critical Paths under _main in BANK20

    None.

Critical Paths under _main in BANK21

    None.

Critical Paths under _main in BANK22

    None.

Critical Paths under _main in BANK23

    None.

Critical Paths under _main in BANK24

    None.

Critical Paths under _main in BANK25

    None.

Critical Paths under _main in BANK26

    None.

Critical Paths under _main in BANK27

    None.

Critical Paths under _main in BANK28

    None.

Critical Paths under _main in BANK29

    None.

Critical Paths under _main in BANK30

    None.

Critical Paths under _main in BANK31

    None.

Critical Paths under _main in BANK32

    None.

Critical Paths under _main in BANK33

    None.

Critical Paths under _main in BANK34

    None.

Critical Paths under _main in BANK35

    None.

Critical Paths under _main in BANK36

    None.

Critical Paths under _main in BANK37

    None.

Call Graph Tables:

 ---------------------------------------------------------------------------------
 (Depth) Function   	        Calls       Base Space   Used Autos Params    Refs
 ---------------------------------------------------------------------------------
 (0) _main                                                 0     0      0     143
                         _ClockSetup
                          _GpioSetup
                       _SysTickSetup
                            _TimeXus
                  _UserAppInitialize
                         _UserAppRun
 ---------------------------------------------------------------------------------
 (1) _UserAppRun                                           0     0      0       0
 ---------------------------------------------------------------------------------
 (1) _UserAppInitialize                                    0     0      0       0
 ---------------------------------------------------------------------------------
 (1) _TimeXus                                              4     2      2     143
                                              0 COMRAM     4     2      2
 ---------------------------------------------------------------------------------
 (1) _SysTickSetup                                         0     0      0       0
 ---------------------------------------------------------------------------------
 (1) _GpioSetup                                            0     0      0       0
 ---------------------------------------------------------------------------------
 (1) _ClockSetup                                           0     0      0       0
 ---------------------------------------------------------------------------------
 Estimated maximum stack depth 1
 ---------------------------------------------------------------------------------

 Call Graph Graphs:

 _main (ROOT)
   _ClockSetup
   _GpioSetup
   _SysTickSetup
   _TimeXus
   _UserAppInitialize
   _UserAppRun

 Address spaces:
Name               Size   Autos  Total    Cost      Usage
BIGRAM            20FF      0       0      71        0.0%
EEDATA             400      0       0       0        0.0%
BITBANK37          100      0       0      70        0.0%
BANK37             100      0       0      68        0.0%
BITBANK36          100      0       0      66        0.0%
BANK36             100      0       0      67        0.0%
BITBANK35          100      0       0      64        0.0%
BANK35             100      0       0      65        0.0%
BITBANK34          100      0       0      62        0.0%
BANK34             100      0       0      63        0.0%
BITBANK33          100      0       0      60        0.0%
BANK33             100      0       0      61        0.0%
BITBANK32          100      0       0      58        0.0%
BANK32             100      0       0      59        0.0%
BITBANK31          100      0       0      56        0.0%
BANK31             100      0       0      57        0.0%
BITBANK30          100      0       0      54        0.0%
BANK30             100      0       0      55        0.0%
BITBANK29          100      0       0      52        0.0%
BANK29             100      0       0      53        0.0%
BITBANK28          100      0       0      50        0.0%
BANK28             100      0       0      51        0.0%
BITBANK27          100      0       0      48        0.0%
BANK27             100      0       0      49        0.0%
BITBANK26          100      0       0      46        0.0%
BANK26             100      0       0      47        0.0%
BITBANK25          100      0       0      44        0.0%
BANK25             100      0       0      45        0.0%
BITBANK24          100      0       0      42        0.0%
BANK24             100      0       0      43        0.0%
BITBANK23          100      0       0      40        0.0%
BANK23             100      0       0      41        0.0%
BITBANK22          100      0       0      38        0.0%
BANK22             100      0       0      39        0.0%
BITBANK21          100      0       0      36        0.0%
BANK21             100      0       0      37        0.0%
BITBANK20          100      0       0      34        0.0%
BANK20             100      0       0      35        0.0%
BITBANK19          100      0       0      32        0.0%
BANK19             100      0       0      33        0.0%
BITBANK18          100      0       0      30        0.0%
BANK18             100      0       0      31        0.0%
BITBANK17          100      0       0      28        0.0%
BANK17             100      0       0      29        0.0%
BITBANK16          100      0       0      26        0.0%
BANK16             100      0       0      27        0.0%
BITBANK15          100      0       0      24        0.0%
BANK15             100      0       0      25        0.0%
BITBANK14          100      0       0      22        0.0%
BANK14             100      0       0      23        0.0%
BITBANK13          100      0       0      20        0.0%
BANK13             100      0       0      21        0.0%
BITBANK12          100      0       0      18        0.0%
BANK12             100      0       0      19        0.0%
BITBANK11          100      0       0      16        0.0%
BANK11             100      0       0      17        0.0%
BITBANK10          100      0       0      14        0.0%
BANK10             100      0       0      15        0.0%
BITBANK9           100      0       0      12        0.0%
BANK9              100      0       0      13        0.0%
BITBANK8           100      0       0      10        0.0%
BANK8              100      0       0      11        0.0%
BITBANK7           100      0       0       8        0.0%
BANK7              100      0       0       9        0.0%
BITBANK6           100      0       0       6        0.0%
BANK6              100      0     100       7      100.0%
BITBANK5            A0      0       0       4        0.0%
BANK5               A0      0       0       5        0.0%
BITCOMRAM           5F      0       0       0        0.0%
COMRAM              5F      4      12       1       18.9%
BITSFR_5             0      0       0     200        0.0%
SFR_5                0      0       0     200        0.0%
BITSFR_4             0      0       0     200        0.0%
SFR_4                0      0       0     200        0.0%
BITSFR_3             0      0       0     200        0.0%
SFR_3                0      0       0     200        0.0%
BITSFR_2             0      0       0     200        0.0%
SFR_2                0      0       0     200        0.0%
BITSFR_1             0      0       0     200        0.0%
SFR_1                0      0       0     200        0.0%
BITSFR               0      0       0     200        0.0%
SFR                  0      0       0     200        0.0%
STACK                0      0       0       2        0.0%
NULL                 0      0       0       0        0.0%
ABS                  0      0     112      69        0.0%
DATA                 0      0     112       3        0.0%
CODE                 0      0       0       0        0.0%


Microchip Technology PIC18 Macro Assembler V2.31 build 20201012212115 
Symbol Table                                                                                   Wed Mar 31 20:08:48 2021

     __size_of_SysTickSetup 0022                          l21 FE36                          l15 FDF2  
                        l18 FE14                          l50 FEE6                          l74 FDFE  
                        l82 FE8C                          l85 FE5C                          l79 FE78  
                        u10 FE88                          u11 FE84                          u30 FEF4  
                        u31 FEF0                         l801 FE38                         l811 FE5A  
                       l803 FE3C                         l805 FE4C                         l821 FED2  
                       l813 FEC4                         l807 FE50                         l823 FED6  
                       l815 FEC6                         l761 FE00                         l809 FE56  
                       l825 FEDA                         l817 FECA                         l771 FE88  
                       l819 FECE                         l765 FDF4                         l767 FE5E  
                       l769 FE74                         l799 FE16                         wreg 0004E8  
                      _PIR3 0004B1                        _main FEC4                _SysTickSetup FE16  
                      fsr1h 0004E2                        indf2 0004DF                        fsr1l 0004E1  
                      fsr2l 0004D9                        start FFFC                ___param_bank 000000  
                _ClockSetup FDF2             __end_of_TimeXus FE5E                       ?_main 050F  
                     _TMR0H 000319                       _TMR0L 000318                       _TRISA 0004C6  
                     tablat 0004F5                       status 0004D8             TimeXus@u16timer 0511  
           __initialization FE8E                __end_of_main FEFC                      ??_main 0513  
             __activetblptr 000000                      _ANSELA 000400                      _T0CON0 00031A  
                    _T0CON1 00031B          __size_of_GpioSetup 0016                   ??_TimeXus 0511  
               ?_ClockSetup 050F                      clear_0 FEB8                      tblptrh 0004F7  
                    tblptrl 0004F6                      tblptru 0004F8                  _UserAppRun FE5E  
                __accesstop 0560     __end_of__initialization FEBE               ___rparam_used 000001  
          _G_u8UserAppFlags 050E              __pcstackCOMRAM 050F                __pidataBANK6 FEFC  
    TimeXus@u16Microseconds 050F           __end_of_GpioSetup FE16         __size_of_ClockSetup 0002  
                   _DAC1CON 00007F                 ?_UserAppRun 050F                     __Hparam 0000  
                   __Lparam 0000                     _TimeXus FE38                     __pcinit FE8E  
                   __ramtop 2600                     __ptext0 FEC4                     __ptext1 FE5E  
                   __ptext2 FDF4                     __ptext3 FE38                     __ptext4 FE16  
                   __ptext5 FE00                     __ptext6 FDF2        end_of_initialization FEBE  
          _G_u32SystemFlags 0501                     postdec1 0004E5                     postinc0 0004EE  
              ??_ClockSetup 050F         __size_of_UserAppRun 0030          __end_of_ClockSetup FDF4  
                 _GpioSetup FE00         start_initialization FE8E               ?_SysTickSetup 050F  
               __pdataBANK6 0600                  ?_GpioSetup 050F                 __pbssCOMRAM 0501  
         _UserAppInitialize FDF4                ??_UserAppRun 050F          ?_UserAppInitialize 050F  
            ??_SysTickSetup 050F         ??_UserAppInitialize 050F                    ?_TimeXus 050F  
        __end_of_UserAppRun FE8E                    _DAC1DATL 00007D   __end_of_UserAppInitialize FE00  
         UserAppRun@u8Index 050D                    _PIR3bits 0004B1                 ??_GpioSetup 050F  
                 copy_data0 FEA2                    __Hrparam 0000                    __Lrparam 0000  
          __size_of_TimeXus 0026        __end_of_SysTickSetup FE38  __size_of_UserAppInitialize 000C  
             __size_of_main 0038          _G_u32SystemTime1ms 0509           _G_u32SystemTime1s 0505  
       _UserApp_au8sinTable 0600  
